[2026-04-17 13:59:33Z INFO HostContext] No proxy settings were found based on environmental variables (http_proxy/https_proxy/HTTP_PROXY/HTTPS_PROXY)
[2026-04-17 13:59:33Z INFO HostContext] Well known directory 'Bin': 'C:\Testes_Automação\teste_e2eViacaoCometa\actions-runner\bin'
[2026-04-17 13:59:33Z INFO HostContext] Well known directory 'Root': 'C:\Testes_Automação\teste_e2eViacaoCometa\actions-runner'
[2026-04-17 13:59:33Z INFO HostContext] Well known config file 'Credentials': 'C:\Testes_Automação\teste_e2eViacaoCometa\actions-runner\.credentials'
[2026-04-17 13:59:33Z INFO HostContext] Well known directory 'Bin': 'C:\Testes_Automação\teste_e2eViacaoCometa\actions-runner\bin'
[2026-04-17 13:59:33Z INFO HostContext] Well known directory 'Root': 'C:\Testes_Automação\teste_e2eViacaoCometa\actions-runner'
[2026-04-17 13:59:33Z INFO HostContext] Well known config file 'Runner': 'C:\Testes_Automação\teste_e2eViacaoCometa\actions-runner\.runner'
[2026-04-17 13:59:33Z INFO Listener] Runner is built for Windows (X64) - win-x64.
[2026-04-17 13:59:33Z INFO Listener] RuntimeInformation: Microsoft Windows 10.0.26200.
[2026-04-17 13:59:33Z INFO Listener] Version: 2.333.1
[2026-04-17 13:59:33Z INFO Listener] Commit: 6792966801e8925346735b68c03bf9f347af4646
[2026-04-17 13:59:33Z INFO Listener] Culture: pt-BR
[2026-04-17 13:59:33Z INFO Listener] UI Culture: pt-BR
[2026-04-17 13:59:33Z INFO HostContext] Well known directory 'Bin': 'C:\Testes_Automação\teste_e2eViacaoCometa\actions-runner\bin'
[2026-04-17 13:59:33Z INFO HostContext] Well known directory 'Root': 'C:\Testes_Automação\teste_e2eViacaoCometa\actions-runner'
[2026-04-17 13:59:33Z INFO Listener] Validating directory permissions for: 'C:\Testes_Automação\teste_e2eViacaoCometa\actions-runner'
[2026-04-17 13:59:34Z INFO CommandLineParser] Parse
[2026-04-17 13:59:34Z INFO CommandLineParser] Parsing 1 args
[2026-04-17 13:59:34Z INFO CommandLineParser] parsing argument
[2026-04-17 13:59:34Z INFO CommandLineParser] HasArgs: False
[2026-04-17 13:59:34Z INFO CommandLineParser] Adding Command: run
[2026-04-17 13:59:34Z INFO Listener] Arguments parsed
[2026-04-17 13:59:34Z INFO Runner] ExecuteCommand
[2026-04-17 13:59:34Z INFO ConfigurationStore] currentAssemblyLocation: C:\Testes_Automação\teste_e2eViacaoCometa\actions-runner\bin\Runner.Listener.dll
[2026-04-17 13:59:34Z INFO HostContext] Well known directory 'Bin': 'C:\Testes_Automação\teste_e2eViacaoCometa\actions-runner\bin'
[2026-04-17 13:59:34Z INFO ConfigurationStore] binPath: C:\Testes_Automação\teste_e2eViacaoCometa\actions-runner\bin
[2026-04-17 13:59:34Z INFO HostContext] Well known directory 'Bin': 'C:\Testes_Automação\teste_e2eViacaoCometa\actions-runner\bin'
[2026-04-17 13:59:34Z INFO HostContext] Well known directory 'Root': 'C:\Testes_Automação\teste_e2eViacaoCometa\actions-runner'
[2026-04-17 13:59:34Z INFO ConfigurationStore] RootFolder: C:\Testes_Automação\teste_e2eViacaoCometa\actions-runner
[2026-04-17 13:59:34Z INFO HostContext] Well known directory 'Bin': 'C:\Testes_Automação\teste_e2eViacaoCometa\actions-runner\bin'
[2026-04-17 13:59:34Z INFO HostContext] Well known directory 'Root': 'C:\Testes_Automação\teste_e2eViacaoCometa\actions-runner'
[2026-04-17 13:59:34Z INFO HostContext] Well known config file 'Runner': 'C:\Testes_Automação\teste_e2eViacaoCometa\actions-runner\.runner'
[2026-04-17 13:59:34Z INFO ConfigurationStore] ConfigFilePath: C:\Testes_Automação\teste_e2eViacaoCometa\actions-runner\.runner
[2026-04-17 13:59:34Z INFO HostContext] Well known directory 'Bin': 'C:\Testes_Automação\teste_e2eViacaoCometa\actions-runner\bin'
[2026-04-17 13:59:34Z INFO HostContext] Well known directory 'Root': 'C:\Testes_Automação\teste_e2eViacaoCometa\actions-runner'
[2026-04-17 13:59:34Z INFO HostContext] Well known config file 'MigratedRunner': 'C:\Testes_Automação\teste_e2eViacaoCometa\actions-runner\.runner_migrated'
[2026-04-17 13:59:34Z INFO ConfigurationStore] MigratedConfigFilePath: C:\Testes_Automação\teste_e2eViacaoCometa\actions-runner\.runner_migrated
[2026-04-17 13:59:34Z INFO HostContext] Well known directory 'Bin': 'C:\Testes_Automação\teste_e2eViacaoCometa\actions-runner\bin'
[2026-04-17 13:59:34Z INFO HostContext] Well known directory 'Root': 'C:\Testes_Automação\teste_e2eViacaoCometa\actions-runner'
[2026-04-17 13:59:34Z INFO HostContext] Well known config file 'Credentials': 'C:\Testes_Automação\teste_e2eViacaoCometa\actions-runner\.credentials'
[2026-04-17 13:59:34Z INFO ConfigurationStore] CredFilePath: C:\Testes_Automação\teste_e2eViacaoCometa\actions-runner\.credentials
[2026-04-17 13:59:34Z INFO HostContext] Well known directory 'Bin': 'C:\Testes_Automação\teste_e2eViacaoCometa\actions-runner\bin'
[2026-04-17 13:59:34Z INFO HostContext] Well known directory 'Root': 'C:\Testes_Automação\teste_e2eViacaoCometa\actions-runner'
[2026-04-17 13:59:34Z INFO HostContext] Well known config file 'MigratedCredentials': 'C:\Testes_Automação\teste_e2eViacaoCometa\actions-runner\.credentials_migrated'
[2026-04-17 13:59:34Z INFO ConfigurationStore] MigratedCredFilePath: C:\Testes_Automação\teste_e2eViacaoCometa\actions-runner\.credentials_migrated
[2026-04-17 13:59:34Z INFO HostContext] Well known directory 'Bin': 'C:\Testes_Automação\teste_e2eViacaoCometa\actions-runner\bin'
[2026-04-17 13:59:34Z INFO HostContext] Well known directory 'Root': 'C:\Testes_Automação\teste_e2eViacaoCometa\actions-runner'
[2026-04-17 13:59:34Z INFO HostContext] Well known config file 'Service': 'C:\Testes_Automação\teste_e2eViacaoCometa\actions-runner\.service'
[2026-04-17 13:59:34Z INFO ConfigurationStore] ServiceConfigFilePath: C:\Testes_Automação\teste_e2eViacaoCometa\actions-runner\.service
[2026-04-17 13:59:34Z INFO CommandSettings] Flag 'help': 'False'
[2026-04-17 13:59:34Z INFO CommandSettings] Flag 'version': 'False'
[2026-04-17 13:59:34Z INFO CommandSettings] Flag 'commit': 'False'
[2026-04-17 13:59:34Z INFO CommandSettings] Flag 'check': 'False'
[2026-04-17 13:59:34Z INFO CommandSettings] Command 'configure': 'False'
[2026-04-17 13:59:34Z INFO CommandSettings] Command 'remove': 'False'
[2026-04-17 13:59:34Z INFO CommandSettings] Command 'warmup': 'False'
[2026-04-17 13:59:34Z INFO ConfigurationManager] LoadSettings
[2026-04-17 13:59:34Z INFO ConfigurationStore] IsConfigured()
[2026-04-17 13:59:34Z INFO ConfigurationStore] IsConfigured: True
[2026-04-17 13:59:34Z INFO ConfigurationManager] Is configured: True
[2026-04-17 13:59:34Z INFO ConfigurationStore] Read setting file: 417 chars
[2026-04-17 13:59:34Z INFO ConfigurationManager] Settings Loaded
[2026-04-17 13:59:34Z INFO ConfigurationStore] IsServiceConfigured()
[2026-04-17 13:59:34Z INFO ConfigurationStore] IsServiceConfigured: False
[2026-04-17 13:59:34Z INFO CommandSettings] Command 'run': 'True'
[2026-04-17 13:59:34Z INFO ConfigurationStore] IsConfigured()
[2026-04-17 13:59:34Z INFO ConfigurationStore] IsConfigured: True
[2026-04-17 13:59:34Z INFO ConfigurationManager] Is configured: True
[2026-04-17 13:59:34Z INFO Runner] Could not parse the argument value '' for StartupType. Defaulting to Manual
[2026-04-17 13:59:34Z INFO Runner] Set runner startup type - Manual
[2026-04-17 13:59:34Z INFO CommandSettings] Flag 'once': 'False'
[2026-04-17 13:59:34Z INFO CommandSettings] Flag 'once': 'False'
[2026-04-17 13:59:34Z INFO Runner] RunAsync
[2026-04-17 13:59:34Z INFO HostContext] Well known directory 'Bin': 'C:\Testes_Automação\teste_e2eViacaoCometa\actions-runner\bin'
[2026-04-17 13:59:34Z INFO HostContext] Well known directory 'Root': 'C:\Testes_Automação\teste_e2eViacaoCometa\actions-runner'
[2026-04-17 13:59:34Z INFO HostContext] Well known directory 'Work': 'C:\Testes_Automação\teste_e2eViacaoCometa\actions-runner\_work'
[2026-04-17 13:59:34Z INFO Runner] Validating directory permissions for: 'C:\Testes_Automação\teste_e2eViacaoCometa\actions-runner\_work'
[2026-04-17 13:59:34Z INFO ConfigurationManager] LoadMigratedSettings
[2026-04-17 13:59:34Z INFO ConfigurationStore] IsMigratedConfigured()
[2026-04-17 13:59:34Z INFO ConfigurationStore] IsMigratedConfigured: False
[2026-04-17 13:59:34Z INFO Runner] Failed to load migrated settings: No migrated configuration found.
[2026-04-17 13:59:34Z INFO Runner] Falling back to original .runner settings
[2026-04-17 13:59:34Z INFO Runner] Using BrokerMessageListener
[2026-04-17 13:59:34Z INFO BrokerMessageListener] Using provided settings
[2026-04-17 13:59:34Z INFO BrokerMessageListener] {
  "AgentId": 22,
  "AgentName": "POSSPCOMN251Y",
  "PoolId": 1,
  "PoolName": "Default",
  "ServerUrl": "https://pipelinesghubeus10.actions.githubusercontent.com/4oBWS9qQR2fZGTQWueNTYNICltkenD8tIs5SYasopdrJwFqz4P/",
  "GitHubUrl": "https://github.com/AndersonSilva-Jca/teste_e2eViacaoCometa",
  "WorkFolder": "_work",
  "UseV2Flow": true,
  "ServerUrlV2": "https://broker.actions.githubusercontent.com/"
}
[2026-04-17 13:59:34Z INFO BrokerMessageListener] Loading Credentials
[2026-04-17 13:59:34Z INFO ConfigurationStore] HasCredentials()
[2026-04-17 13:59:34Z INFO ConfigurationStore] stored True
[2026-04-17 13:59:34Z INFO CredentialManager] GetCredentialProvider
[2026-04-17 13:59:34Z INFO CredentialManager] Creating type OAuth
[2026-04-17 13:59:34Z INFO CredentialManager] Creating credential type: OAuth
[2026-04-17 13:59:34Z INFO HostContext] Well known directory 'Bin': 'C:\Testes_Automação\teste_e2eViacaoCometa\actions-runner\bin'
[2026-04-17 13:59:34Z INFO HostContext] Well known directory 'Root': 'C:\Testes_Automação\teste_e2eViacaoCometa\actions-runner'
[2026-04-17 13:59:34Z INFO HostContext] Well known config file 'RSACredentials': 'C:\Testes_Automação\teste_e2eViacaoCometa\actions-runner\.credentials_rsaparams'
[2026-04-17 13:59:34Z INFO RSAEncryptedFileKeyManager] Loading RSA key parameters from file C:\Testes_Automação\teste_e2eViacaoCometa\actions-runner\.credentials_rsaparams
[2026-04-17 13:59:34Z INFO BrokerMessageListener] Attempt to create session.
[2026-04-17 13:59:34Z INFO BrokerMessageListener] Connecting to the Broker Server...
[2026-04-17 13:59:34Z INFO ConfigurationStore] HasCredentials()
[2026-04-17 13:59:34Z INFO ConfigurationStore] stored True
[2026-04-17 13:59:34Z INFO CredentialManager] GetCredentialProvider
[2026-04-17 13:59:34Z INFO CredentialManager] Creating type OAuth
[2026-04-17 13:59:34Z INFO CredentialManager] Creating credential type: OAuth
[2026-04-17 13:59:34Z INFO RSAEncryptedFileKeyManager] Loading RSA key parameters from file C:\Testes_Automação\teste_e2eViacaoCometa\actions-runner\.credentials_rsaparams
[2026-04-17 13:59:34Z INFO BrokerMessageListener] VssConnection created
[2026-04-17 13:59:34Z INFO BrokerMessageListener] Connecting to the Runner server...
[2026-04-17 13:59:34Z INFO RunnerServer] EstablishVssConnection
[2026-04-17 13:59:34Z INFO RunnerServer] Establish connection with 100 seconds timeout.
[2026-04-17 13:59:34Z INFO GitHubActionsService] Starting operation Location.GetConnectionData
[2026-04-17 13:59:34Z INFO RunnerServer] EstablishVssConnection
[2026-04-17 13:59:34Z INFO RunnerServer] Establish connection with 60 seconds timeout.
[2026-04-17 13:59:34Z INFO GitHubActionsService] Starting operation Location.GetConnectionData
[2026-04-17 13:59:34Z INFO RunnerServer] EstablishVssConnection
[2026-04-17 13:59:34Z INFO RunnerServer] Establish connection with 60 seconds timeout.
[2026-04-17 13:59:34Z INFO GitHubActionsService] Starting operation Location.GetConnectionData
[2026-04-17 13:59:34Z INFO GitHubActionsService] Finished operation Location.GetConnectionData
[2026-04-17 13:59:34Z INFO GitHubActionsService] Finished operation Location.GetConnectionData
[2026-04-17 13:59:34Z INFO GitHubActionsService] Finished operation Location.GetConnectionData
[2026-04-17 13:59:34Z INFO BrokerMessageListener] VssConnection created
[2026-04-17 13:59:34Z INFO Terminal] WRITE LINE: 
[2026-04-17 13:59:34Z INFO Terminal] WRITE LINE: 
[2026-04-17 13:59:34Z INFO RSAEncryptedFileKeyManager] Loading RSA key parameters from file C:\Testes_Automação\teste_e2eViacaoCometa\actions-runner\.credentials_rsaparams
[2026-04-17 13:59:34Z INFO RSAEncryptedFileKeyManager] Loading RSA key parameters from file C:\Testes_Automação\teste_e2eViacaoCometa\actions-runner\.credentials_rsaparams
[2026-04-17 13:59:36Z INFO GitHubActionsService] AAD Correlation ID for this token request: Unknown
[2026-04-17 13:59:37Z INFO BrokerMessageListener] Session created.
[2026-04-17 13:59:37Z INFO Terminal] WRITE LINE: Current runner version: '2.333.1'
[2026-04-17 13:59:37Z INFO Terminal] WRITE LINE: 2026-04-17 13:59:37Z: Listening for Jobs
[2026-04-17 13:59:37Z INFO JobDispatcher] Set runner/worker IPC timeout to 30 seconds.
[2026-04-17 13:59:37Z INFO BrokerMessageListener] Acknowledging runner request '836cbc66-d684-51ba-9ce6-8e22f25f31f8'.
[2026-04-17 13:59:38Z INFO ConfigurationStore] HasCredentials()
[2026-04-17 13:59:38Z INFO ConfigurationStore] stored True
[2026-04-17 13:59:38Z INFO CredentialManager] GetCredentialProvider
[2026-04-17 13:59:38Z INFO CredentialManager] Creating type OAuth
[2026-04-17 13:59:38Z INFO CredentialManager] Creating credential type: OAuth
[2026-04-17 13:59:38Z INFO RSAEncryptedFileKeyManager] Loading RSA key parameters from file C:\Testes_Automação\teste_e2eViacaoCometa\actions-runner\.credentials_rsaparams
[2026-04-17 13:59:38Z INFO RSAEncryptedFileKeyManager] Loading RSA key parameters from file C:\Testes_Automação\teste_e2eViacaoCometa\actions-runner\.credentials_rsaparams
[2026-04-17 13:59:38Z INFO RSAEncryptedFileKeyManager] Loading RSA key parameters from file C:\Testes_Automação\teste_e2eViacaoCometa\actions-runner\.credentials_rsaparams
[2026-04-17 13:59:38Z INFO GitHubActionsService] AAD Correlation ID for this token request: Unknown
[2026-04-17 13:59:40Z INFO JobDispatcher] Job request 0 for plan cfdd9faa-976f-4804-aa48-5f7a8c0b836d job 836cbc66-d684-51ba-9ce6-8e22f25f31f8 received.
[2026-04-17 13:59:40Z INFO JobDispatcher] Pull OrchestrationId cfdd9faa-976f-4804-aa48-5f7a8c0b836d.cypress-run.__default from JWT claims
[2026-04-17 13:59:40Z INFO BrokerMessageListener] Received job status event. JobState: Busy
[2026-04-17 13:59:40Z INFO BrokerMessageListener] _getMessagesTokenSource is already disposed.
[2026-04-17 13:59:40Z INFO Terminal] WRITE LINE: 2026-04-17 13:59:40Z: Running job: cypress-run
[2026-04-17 13:59:40Z INFO JobDispatcher] Start renew job request 0 for job 836cbc66-d684-51ba-9ce6-8e22f25f31f8.
[2026-04-17 13:59:41Z INFO JobDispatcher] Successfully renew job 836cbc66-d684-51ba-9ce6-8e22f25f31f8, job is valid till 17/04/2026 14:09:42
[2026-04-17 13:59:41Z INFO HostContext] Well known directory 'Bin': 'C:\Testes_Automação\teste_e2eViacaoCometa\actions-runner\bin'
[2026-04-17 13:59:41Z INFO ProcessInvokerWrapper] Starting process:
[2026-04-17 13:59:41Z INFO ProcessInvokerWrapper]   File name: 'C:\Testes_Automação\teste_e2eViacaoCometa\actions-runner\bin\Runner.Worker.exe'
[2026-04-17 13:59:41Z INFO ProcessInvokerWrapper]   Arguments: 'spawnclient 2620 2624'
[2026-04-17 13:59:41Z INFO ProcessInvokerWrapper]   Working directory: 'C:\Testes_Automação\teste_e2eViacaoCometa\actions-runner\bin'
[2026-04-17 13:59:41Z INFO ProcessInvokerWrapper]   Require exit code zero: 'False'
[2026-04-17 13:59:41Z INFO ProcessInvokerWrapper]   Encoding web name:  ; code page: ''
[2026-04-17 13:59:41Z INFO ProcessInvokerWrapper]   Force kill process on cancellation: 'True'
[2026-04-17 13:59:41Z INFO ProcessInvokerWrapper]   Redirected STDIN: 'False'
[2026-04-17 13:59:41Z INFO ProcessInvokerWrapper]   Persist current code page: 'False'
[2026-04-17 13:59:41Z INFO ProcessInvokerWrapper]   Keep redirected STDIN open: 'False'
[2026-04-17 13:59:41Z INFO ProcessInvokerWrapper]   High priority process: 'True'
[2026-04-17 13:59:41Z INFO ProcessInvokerWrapper] Process started with process id 21316, waiting for process exit.
[2026-04-17 13:59:41Z INFO JobDispatcher] Send job request message to worker for job 836cbc66-d684-51ba-9ce6-8e22f25f31f8.
[2026-04-17 13:59:41Z INFO ProcessChannel] Sending message of length 24306, with hash '74f173ccdedc3a7699f695735cbfed3602ec93ac3e3cc270cfbe263de47e8bb3'
[2026-04-17 13:59:41Z INFO JobNotification] Entering JobStarted Notification
[2026-04-17 13:59:41Z INFO JobNotification] Entering StartMonitor
[2026-04-17 14:00:41Z INFO JobDispatcher] Successfully renew job 836cbc66-d684-51ba-9ce6-8e22f25f31f8, job is valid till 17/04/2026 14:10:42
[2026-04-17 14:01:17Z INFO ProcessInvokerWrapper] STDOUT/STDERR stream read finished.
[2026-04-17 14:01:17Z INFO ProcessInvokerWrapper] STDOUT/STDERR stream read finished.
[2026-04-17 14:01:17Z INFO ProcessInvokerWrapper] Finished process 21316 with exit code 102, and elapsed time 00:01:36.4539073.
[2026-04-17 14:01:17Z INFO JobDispatcher] Worker finished for job 836cbc66-d684-51ba-9ce6-8e22f25f31f8. Code: 102
[2026-04-17 14:01:17Z INFO JobDispatcher] finish job request for job 836cbc66-d684-51ba-9ce6-8e22f25f31f8 with result: Failed
[2026-04-17 14:01:17Z INFO Terminal] WRITE LINE: 2026-04-17 14:01:17Z: Job cypress-run completed with result: Failed
[2026-04-17 14:01:17Z INFO JobDispatcher] Stop renew job request for job 836cbc66-d684-51ba-9ce6-8e22f25f31f8.
[2026-04-17 14:01:17Z INFO JobDispatcher] job renew has been cancelled, stop renew job 836cbc66-d684-51ba-9ce6-8e22f25f31f8.
[2026-04-17 14:01:17Z INFO JobNotification] Entering JobCompleted Notification
[2026-04-17 14:01:17Z INFO JobNotification] Entering EndMonitor
[2026-04-17 14:01:17Z INFO BrokerMessageListener] Received job status event. JobState: Online
[2026-04-17 14:01:17Z WARN GitHubActionsService] GET request to https://broker.actions.githubusercontent.com/message?sessionId=b210b122-c49c-405f-94b5-6fcc4eec4fbb&status=Busy&runnerVersion=2.333.1&os=Windows&architecture=X64&disableUpdate=false has been cancelled.
[2026-04-17 14:01:17Z ERR  BrokerServer] Catch exception during request
[2026-04-17 14:01:17Z ERR  BrokerServer] System.Threading.Tasks.TaskCanceledException: The operation was canceled.
 ---> System.Threading.Tasks.TaskCanceledException: The operation was canceled.
 ---> System.IO.IOException: Unable to read data from the transport connection: A operação de E/S foi anulada devido a uma saída de thread ou a uma requisição de aplicativo..
 ---> System.Net.Sockets.SocketException (995): A operação de E/S foi anulada devido a uma saída de thread ou a uma requisição de aplicativo.
   --- End of inner exception stack trace ---
   at System.Net.Sockets.Socket.AwaitableSocketAsyncEventArgs.ThrowException(SocketError error, CancellationToken cancellationToken)
   at System.Net.Sockets.Socket.AwaitableSocketAsyncEventArgs.System.Threading.Tasks.Sources.IValueTaskSource<System.Int32>.GetResult(Int16 token)
   at System.Net.Security.SslStream.EnsureFullTlsFrameAsync[TIOAdapter](CancellationToken cancellationToken, Int32 estimatedSize)
   at System.Runtime.CompilerServices.PoolingAsyncValueTaskMethodBuilder`1.StateMachineBox`1.System.Threading.Tasks.Sources.IValueTaskSource<TResult>.GetResult(Int16 token)
   at System.Net.Security.SslStream.ReadAsyncInternal[TIOAdapter](Memory`1 buffer, CancellationToken cancellationToken)
   at System.Runtime.CompilerServices.PoolingAsyncValueTaskMethodBuilder`1.StateMachineBox`1.System.Threading.Tasks.Sources.IValueTaskSource<TResult>.GetResult(Int16 token)
   at System.Net.Http.HttpConnection.SendAsync(HttpRequestMessage request, Boolean async, CancellationToken cancellationToken)
   --- End of inner exception stack trace ---
   at System.Net.Http.HttpConnection.SendAsync(HttpRequestMessage request, Boolean async, CancellationToken cancellationToken)
   at System.Net.Http.AuthenticationHelper.SendWithNtAuthAsync(HttpRequestMessage request, Uri authUri, Boolean async, ICredentials credentials, Boolean isProxyAuth, HttpConnection connection, HttpConnectionPool connectionPool, CancellationToken cancellationToken)
   at System.Net.Http.HttpConnectionPool.SendWithVersionDetectionAndRetryAsync(HttpRequestMessage request, Boolean async, Boolean doRequestAuth, CancellationToken cancellationToken)
   at System.Net.Http.AuthenticationHelper.SendWithAuthAsync(HttpRequestMessage request, Uri authUri, Boolean async, ICredentials credentials, Boolean preAuthenticate, Boolean isProxyAuth, Boolean doRequestAuth, HttpConnectionPool pool, CancellationToken cancellationToken)
   at System.Net.Http.RedirectHandler.SendAsync(HttpRequestMessage request, Boolean async, CancellationToken cancellationToken)
   at GitHub.Services.Common.RawHttpMessageHandler.SendAsync(HttpRequestMessage request, CancellationToken cancellationToken)
   at GitHub.Services.Common.VssHttpRetryMessageHandler.SendAsync(HttpRequestMessage request, CancellationToken cancellationToken)
   at System.Net.Http.HttpClient.<SendAsync>g__Core|83_0(HttpRequestMessage request, HttpCompletionOption completionOption, CancellationTokenSource cts, Boolean disposeCts, CancellationTokenSource pendingRequestsCts, CancellationToken originalCancellationToken)
   --- End of inner exception stack trace ---
   at System.Net.Http.HttpClient.HandleFailure(Exception e, Boolean telemetryStarted, HttpResponseMessage response, CancellationTokenSource cts, CancellationToken cancellationToken, CancellationTokenSource pendingRequestsCts)
   at System.Net.Http.HttpClient.<SendAsync>g__Core|83_0(HttpRequestMessage request, HttpCompletionOption completionOption, CancellationTokenSource cts, Boolean disposeCts, CancellationTokenSource pendingRequestsCts, CancellationToken originalCancellationToken)
   at Sdk.WebApi.WebApi.RawHttpClientBase.SendAsync(HttpRequestMessage message, HttpCompletionOption completionOption, Object userState, CancellationToken cancellationToken)
   at Sdk.WebApi.WebApi.RawHttpClientBase.SendAsync[T](HttpRequestMessage message, Boolean readErrorBody, Object userState, CancellationToken cancellationToken)
   at Sdk.WebApi.WebApi.RawHttpClientBase.SendAsync[T](HttpMethod method, IEnumerable`1 additionalHeaders, Uri requestUri, HttpContent content, IEnumerable`1 queryParameters, Boolean readErrorBody, Object userState, CancellationToken cancellationToken)
   at GitHub.Actions.RunService.WebApi.BrokerHttpClient.GetRunnerMessageAsync(Nullable`1 sessionId, String runnerVersion, Nullable`1 status, String os, String architecture, Nullable`1 disableUpdate, CancellationToken cancellationToken)
   at GitHub.Runner.Common.BrokerServer.<>c__DisplayClass7_0.<<GetRunnerMessageAsync>b__0>d.MoveNext()
--- End of stack trace from previous location ---
   at GitHub.Runner.Common.RunnerService.RetryRequest[T](Func`1 func, CancellationToken cancellationToken, Int32 maxAttempts, Func`2 shouldRetry)
[2026-04-17 14:01:17Z ERR  BrokerServer] #####################################################
[2026-04-17 14:01:17Z ERR  BrokerServer] System.Threading.Tasks.TaskCanceledException: The operation was canceled.
 ---> System.IO.IOException: Unable to read data from the transport connection: A operação de E/S foi anulada devido a uma saída de thread ou a uma requisição de aplicativo..
 ---> System.Net.Sockets.SocketException (995): A operação de E/S foi anulada devido a uma saída de thread ou a uma requisição de aplicativo.
   --- End of inner exception stack trace ---
   at System.Net.Sockets.Socket.AwaitableSocketAsyncEventArgs.ThrowException(SocketError error, CancellationToken cancellationToken)
   at System.Net.Sockets.Socket.AwaitableSocketAsyncEventArgs.System.Threading.Tasks.Sources.IValueTaskSource<System.Int32>.GetResult(Int16 token)
   at System.Net.Security.SslStream.EnsureFullTlsFrameAsync[TIOAdapter](CancellationToken cancellationToken, Int32 estimatedSize)
   at System.Runtime.CompilerServices.PoolingAsyncValueTaskMethodBuilder`1.StateMachineBox`1.System.Threading.Tasks.Sources.IValueTaskSource<TResult>.GetResult(Int16 token)
   at System.Net.Security.SslStream.ReadAsyncInternal[TIOAdapter](Memory`1 buffer, CancellationToken cancellationToken)
   at System.Runtime.CompilerServices.PoolingAsyncValueTaskMethodBuilder`1.StateMachineBox`1.System.Threading.Tasks.Sources.IValueTaskSource<TResult>.GetResult(Int16 token)
   at System.Net.Http.HttpConnection.SendAsync(HttpRequestMessage request, Boolean async, CancellationToken cancellationToken)
   --- End of inner exception stack trace ---
   at System.Net.Http.HttpConnection.SendAsync(HttpRequestMessage request, Boolean async, CancellationToken cancellationToken)
   at System.Net.Http.AuthenticationHelper.SendWithNtAuthAsync(HttpRequestMessage request, Uri authUri, Boolean async, ICredentials credentials, Boolean isProxyAuth, HttpConnection connection, HttpConnectionPool connectionPool, CancellationToken cancellationToken)
   at System.Net.Http.HttpConnectionPool.SendWithVersionDetectionAndRetryAsync(HttpRequestMessage request, Boolean async, Boolean doRequestAuth, CancellationToken cancellationToken)
   at System.Net.Http.AuthenticationHelper.SendWithAuthAsync(HttpRequestMessage request, Uri authUri, Boolean async, ICredentials credentials, Boolean preAuthenticate, Boolean isProxyAuth, Boolean doRequestAuth, HttpConnectionPool pool, CancellationToken cancellationToken)
   at System.Net.Http.RedirectHandler.SendAsync(HttpRequestMessage request, Boolean async, CancellationToken cancellationToken)
   at GitHub.Services.Common.RawHttpMessageHandler.SendAsync(HttpRequestMessage request, CancellationToken cancellationToken)
   at GitHub.Services.Common.VssHttpRetryMessageHandler.SendAsync(HttpRequestMessage request, CancellationToken cancellationToken)
   at System.Net.Http.HttpClient.<SendAsync>g__Core|83_0(HttpRequestMessage request, HttpCompletionOption completionOption, CancellationTokenSource cts, Boolean disposeCts, CancellationTokenSource pendingRequestsCts, CancellationToken originalCancellationToken)
[2026-04-17 14:01:17Z ERR  BrokerServer] #####################################################
[2026-04-17 14:01:17Z ERR  BrokerServer] System.IO.IOException: Unable to read data from the transport connection: A operação de E/S foi anulada devido a uma saída de thread ou a uma requisição de aplicativo..
 ---> System.Net.Sockets.SocketException (995): A operação de E/S foi anulada devido a uma saída de thread ou a uma requisição de aplicativo.
   --- End of inner exception stack trace ---
   at System.Net.Sockets.Socket.AwaitableSocketAsyncEventArgs.ThrowException(SocketError error, CancellationToken cancellationToken)
   at System.Net.Sockets.Socket.AwaitableSocketAsyncEventArgs.System.Threading.Tasks.Sources.IValueTaskSource<System.Int32>.GetResult(Int16 token)
   at System.Net.Security.SslStream.EnsureFullTlsFrameAsync[TIOAdapter](CancellationToken cancellationToken, Int32 estimatedSize)
   at System.Runtime.CompilerServices.PoolingAsyncValueTaskMethodBuilder`1.StateMachineBox`1.System.Threading.Tasks.Sources.IValueTaskSource<TResult>.GetResult(Int16 token)
   at System.Net.Security.SslStream.ReadAsyncInternal[TIOAdapter](Memory`1 buffer, CancellationToken cancellationToken)
   at System.Runtime.CompilerServices.PoolingAsyncValueTaskMethodBuilder`1.StateMachineBox`1.System.Threading.Tasks.Sources.IValueTaskSource<TResult>.GetResult(Int16 token)
   at System.Net.Http.HttpConnection.SendAsync(HttpRequestMessage request, Boolean async, CancellationToken cancellationToken)
[2026-04-17 14:01:17Z ERR  BrokerServer] #####################################################
[2026-04-17 14:01:17Z ERR  BrokerServer] System.Net.Sockets.SocketException (995): A operação de E/S foi anulada devido a uma saída de thread ou a uma requisição de aplicativo.
[2026-04-17 14:01:17Z WARN BrokerServer] Back off 6,95 seconds before next retry. 4 attempt left.
[2026-04-17 14:01:17Z INFO BrokerMessageListener] Get messages has been cancelled using local token source. Continue to get messages with new status.
[2026-04-17 14:01:18Z INFO BrokerMessageListener] Acknowledging runner request '669dc808-c330-5757-80d5-74b3f40a6d75'.
[2026-04-17 14:01:19Z INFO ConfigurationStore] HasCredentials()
[2026-04-17 14:01:19Z INFO ConfigurationStore] stored True
[2026-04-17 14:01:19Z INFO CredentialManager] GetCredentialProvider
[2026-04-17 14:01:19Z INFO CredentialManager] Creating type OAuth
[2026-04-17 14:01:19Z INFO CredentialManager] Creating credential type: OAuth
[2026-04-17 14:01:19Z INFO RSAEncryptedFileKeyManager] Loading RSA key parameters from file C:\Testes_Automação\teste_e2eViacaoCometa\actions-runner\.credentials_rsaparams
[2026-04-17 14:01:19Z INFO RSAEncryptedFileKeyManager] Loading RSA key parameters from file C:\Testes_Automação\teste_e2eViacaoCometa\actions-runner\.credentials_rsaparams
[2026-04-17 14:01:19Z INFO RSAEncryptedFileKeyManager] Loading RSA key parameters from file C:\Testes_Automação\teste_e2eViacaoCometa\actions-runner\.credentials_rsaparams
[2026-04-17 14:01:19Z INFO GitHubActionsService] AAD Correlation ID for this token request: Unknown
[2026-04-17 14:01:21Z INFO JobDispatcher] Job request 0 for plan e367deea-3062-4046-801e-b6f62c32e2ad job 669dc808-c330-5757-80d5-74b3f40a6d75 received.
[2026-04-17 14:01:21Z INFO JobDispatcher] Pull OrchestrationId e367deea-3062-4046-801e-b6f62c32e2ad.cypress-run.__default from JWT claims
[2026-04-17 14:01:21Z INFO BrokerMessageListener] Received job status event. JobState: Busy
[2026-04-17 14:01:21Z INFO BrokerMessageListener] _getMessagesTokenSource is already disposed.
[2026-04-17 14:01:21Z INFO JobDispatcher] Job request 836cbc66-d684-51ba-9ce6-8e22f25f31f8 processed succeed.
[2026-04-17 14:01:21Z INFO Terminal] WRITE LINE: 2026-04-17 14:01:21Z: Running job: cypress-run
[2026-04-17 14:01:21Z INFO JobDispatcher] Start renew job request 0 for job 669dc808-c330-5757-80d5-74b3f40a6d75.
[2026-04-17 14:01:22Z INFO JobDispatcher] Successfully renew job 669dc808-c330-5757-80d5-74b3f40a6d75, job is valid till 17/04/2026 14:11:23
[2026-04-17 14:01:22Z INFO HostContext] Well known directory 'Bin': 'C:\Testes_Automação\teste_e2eViacaoCometa\actions-runner\bin'
[2026-04-17 14:01:22Z INFO ProcessInvokerWrapper] Starting process:
[2026-04-17 14:01:22Z INFO ProcessInvokerWrapper]   File name: 'C:\Testes_Automação\teste_e2eViacaoCometa\actions-runner\bin\Runner.Worker.exe'
[2026-04-17 14:01:22Z INFO ProcessInvokerWrapper]   Arguments: 'spawnclient 2852 2864'
[2026-04-17 14:01:22Z INFO ProcessInvokerWrapper]   Working directory: 'C:\Testes_Automação\teste_e2eViacaoCometa\actions-runner\bin'
[2026-04-17 14:01:22Z INFO ProcessInvokerWrapper]   Require exit code zero: 'False'
[2026-04-17 14:01:22Z INFO ProcessInvokerWrapper]   Encoding web name:  ; code page: ''
[2026-04-17 14:01:22Z INFO ProcessInvokerWrapper]   Force kill process on cancellation: 'True'
[2026-04-17 14:01:22Z INFO ProcessInvokerWrapper]   Redirected STDIN: 'False'
[2026-04-17 14:01:22Z INFO ProcessInvokerWrapper]   Persist current code page: 'False'
[2026-04-17 14:01:22Z INFO ProcessInvokerWrapper]   Keep redirected STDIN open: 'False'
[2026-04-17 14:01:22Z INFO ProcessInvokerWrapper]   High priority process: 'True'
[2026-04-17 14:01:22Z INFO ProcessInvokerWrapper] Process started with process id 25656, waiting for process exit.
[2026-04-17 14:01:22Z INFO JobDispatcher] Send job request message to worker for job 669dc808-c330-5757-80d5-74b3f40a6d75.
[2026-04-17 14:01:22Z INFO ProcessChannel] Sending message of length 23016, with hash '75a735772d253fedf0931a144e6e4d946cb9803d3389d8583c2f3ac0582b4cf3'
[2026-04-17 14:01:22Z INFO JobNotification] Entering JobStarted Notification
[2026-04-17 14:01:22Z INFO JobNotification] Entering StartMonitor
[2026-04-17 14:02:22Z INFO JobDispatcher] Successfully renew job 669dc808-c330-5757-80d5-74b3f40a6d75, job is valid till 17/04/2026 14:12:23
[2026-04-17 14:02:48Z INFO ProcessInvokerWrapper] STDOUT/STDERR stream read finished.
[2026-04-17 14:02:48Z INFO ProcessInvokerWrapper] STDOUT/STDERR stream read finished.
[2026-04-17 14:02:48Z INFO ProcessInvokerWrapper] Finished process 25656 with exit code 102, and elapsed time 00:01:26.3956900.
[2026-04-17 14:02:48Z INFO JobDispatcher] Worker finished for job 669dc808-c330-5757-80d5-74b3f40a6d75. Code: 102
[2026-04-17 14:02:48Z INFO JobDispatcher] finish job request for job 669dc808-c330-5757-80d5-74b3f40a6d75 with result: Failed
[2026-04-17 14:02:48Z INFO Terminal] WRITE LINE: 2026-04-17 14:02:48Z: Job cypress-run completed with result: Failed
[2026-04-17 14:02:48Z INFO JobDispatcher] Stop renew job request for job 669dc808-c330-5757-80d5-74b3f40a6d75.
[2026-04-17 14:02:48Z INFO JobDispatcher] job renew has been cancelled, stop renew job 669dc808-c330-5757-80d5-74b3f40a6d75.
[2026-04-17 14:02:48Z INFO JobNotification] Entering JobCompleted Notification
[2026-04-17 14:02:48Z INFO JobNotification] Entering EndMonitor
[2026-04-17 14:02:48Z INFO BrokerMessageListener] Received job status event. JobState: Online
[2026-04-17 14:02:48Z WARN GitHubActionsService] GET request to https://broker.actions.githubusercontent.com/message?sessionId=b210b122-c49c-405f-94b5-6fcc4eec4fbb&status=Busy&runnerVersion=2.333.1&os=Windows&architecture=X64&disableUpdate=false has been cancelled.
[2026-04-17 14:02:48Z ERR  BrokerServer] Catch exception during request
[2026-04-17 14:02:48Z ERR  BrokerServer] System.Threading.Tasks.TaskCanceledException: The operation was canceled.
 ---> System.Threading.Tasks.TaskCanceledException: The operation was canceled.
 ---> System.IO.IOException: Unable to read data from the transport connection: A operação de E/S foi anulada devido a uma saída de thread ou a uma requisição de aplicativo..
 ---> System.Net.Sockets.SocketException (995): A operação de E/S foi anulada devido a uma saída de thread ou a uma requisição de aplicativo.
   --- End of inner exception stack trace ---
   at System.Net.Sockets.Socket.AwaitableSocketAsyncEventArgs.ThrowException(SocketError error, CancellationToken cancellationToken)
   at System.Net.Sockets.Socket.AwaitableSocketAsyncEventArgs.System.Threading.Tasks.Sources.IValueTaskSource<System.Int32>.GetResult(Int16 token)
   at System.Net.Security.SslStream.EnsureFullTlsFrameAsync[TIOAdapter](CancellationToken cancellationToken, Int32 estimatedSize)
   at System.Runtime.CompilerServices.PoolingAsyncValueTaskMethodBuilder`1.StateMachineBox`1.System.Threading.Tasks.Sources.IValueTaskSource<TResult>.GetResult(Int16 token)
   at System.Net.Security.SslStream.ReadAsyncInternal[TIOAdapter](Memory`1 buffer, CancellationToken cancellationToken)
   at System.Runtime.CompilerServices.PoolingAsyncValueTaskMethodBuilder`1.StateMachineBox`1.System.Threading.Tasks.Sources.IValueTaskSource<TResult>.GetResult(Int16 token)
   at System.Net.Http.HttpConnection.SendAsync(HttpRequestMessage request, Boolean async, CancellationToken cancellationToken)
   --- End of inner exception stack trace ---
   at System.Net.Http.HttpConnection.SendAsync(HttpRequestMessage request, Boolean async, CancellationToken cancellationToken)
   at System.Net.Http.AuthenticationHelper.SendWithNtAuthAsync(HttpRequestMessage request, Uri authUri, Boolean async, ICredentials credentials, Boolean isProxyAuth, HttpConnection connection, HttpConnectionPool connectionPool, CancellationToken cancellationToken)
   at System.Net.Http.HttpConnectionPool.SendWithVersionDetectionAndRetryAsync(HttpRequestMessage request, Boolean async, Boolean doRequestAuth, CancellationToken cancellationToken)
   at System.Net.Http.AuthenticationHelper.SendWithAuthAsync(HttpRequestMessage request, Uri authUri, Boolean async, ICredentials credentials, Boolean preAuthenticate, Boolean isProxyAuth, Boolean doRequestAuth, HttpConnectionPool pool, CancellationToken cancellationToken)
   at System.Net.Http.RedirectHandler.SendAsync(HttpRequestMessage request, Boolean async, CancellationToken cancellationToken)
   at GitHub.Services.Common.RawHttpMessageHandler.SendAsync(HttpRequestMessage request, CancellationToken cancellationToken)
   at GitHub.Services.Common.VssHttpRetryMessageHandler.SendAsync(HttpRequestMessage request, CancellationToken cancellationToken)
   at System.Net.Http.HttpClient.<SendAsync>g__Core|83_0(HttpRequestMessage request, HttpCompletionOption completionOption, CancellationTokenSource cts, Boolean disposeCts, CancellationTokenSource pendingRequestsCts, CancellationToken originalCancellationToken)
   --- End of inner exception stack trace ---
   at System.Net.Http.HttpClient.HandleFailure(Exception e, Boolean telemetryStarted, HttpResponseMessage response, CancellationTokenSource cts, CancellationToken cancellationToken, CancellationTokenSource pendingRequestsCts)
   at System.Net.Http.HttpClient.<SendAsync>g__Core|83_0(HttpRequestMessage request, HttpCompletionOption completionOption, CancellationTokenSource cts, Boolean disposeCts, CancellationTokenSource pendingRequestsCts, CancellationToken originalCancellationToken)
   at Sdk.WebApi.WebApi.RawHttpClientBase.SendAsync(HttpRequestMessage message, HttpCompletionOption completionOption, Object userState, CancellationToken cancellationToken)
   at Sdk.WebApi.WebApi.RawHttpClientBase.SendAsync[T](HttpRequestMessage message, Boolean readErrorBody, Object userState, CancellationToken cancellationToken)
   at Sdk.WebApi.WebApi.RawHttpClientBase.SendAsync[T](HttpMethod method, IEnumerable`1 additionalHeaders, Uri requestUri, HttpContent content, IEnumerable`1 queryParameters, Boolean readErrorBody, Object userState, CancellationToken cancellationToken)
   at GitHub.Actions.RunService.WebApi.BrokerHttpClient.GetRunnerMessageAsync(Nullable`1 sessionId, String runnerVersion, Nullable`1 status, String os, String architecture, Nullable`1 disableUpdate, CancellationToken cancellationToken)
   at GitHub.Runner.Common.BrokerServer.<>c__DisplayClass7_0.<<GetRunnerMessageAsync>b__0>d.MoveNext()
--- End of stack trace from previous location ---
   at GitHub.Runner.Common.RunnerService.RetryRequest[T](Func`1 func, CancellationToken cancellationToken, Int32 maxAttempts, Func`2 shouldRetry)
[2026-04-17 14:02:48Z ERR  BrokerServer] #####################################################
[2026-04-17 14:02:48Z ERR  BrokerServer] System.Threading.Tasks.TaskCanceledException: The operation was canceled.
 ---> System.IO.IOException: Unable to read data from the transport connection: A operação de E/S foi anulada devido a uma saída de thread ou a uma requisição de aplicativo..
 ---> System.Net.Sockets.SocketException (995): A operação de E/S foi anulada devido a uma saída de thread ou a uma requisição de aplicativo.
   --- End of inner exception stack trace ---
   at System.Net.Sockets.Socket.AwaitableSocketAsyncEventArgs.ThrowException(SocketError error, CancellationToken cancellationToken)
   at System.Net.Sockets.Socket.AwaitableSocketAsyncEventArgs.System.Threading.Tasks.Sources.IValueTaskSource<System.Int32>.GetResult(Int16 token)
   at System.Net.Security.SslStream.EnsureFullTlsFrameAsync[TIOAdapter](CancellationToken cancellationToken, Int32 estimatedSize)
   at System.Runtime.CompilerServices.PoolingAsyncValueTaskMethodBuilder`1.StateMachineBox`1.System.Threading.Tasks.Sources.IValueTaskSource<TResult>.GetResult(Int16 token)
   at System.Net.Security.SslStream.ReadAsyncInternal[TIOAdapter](Memory`1 buffer, CancellationToken cancellationToken)
   at System.Runtime.CompilerServices.PoolingAsyncValueTaskMethodBuilder`1.StateMachineBox`1.System.Threading.Tasks.Sources.IValueTaskSource<TResult>.GetResult(Int16 token)
   at System.Net.Http.HttpConnection.SendAsync(HttpRequestMessage request, Boolean async, CancellationToken cancellationToken)
   --- End of inner exception stack trace ---
   at System.Net.Http.HttpConnection.SendAsync(HttpRequestMessage request, Boolean async, CancellationToken cancellationToken)
   at System.Net.Http.AuthenticationHelper.SendWithNtAuthAsync(HttpRequestMessage request, Uri authUri, Boolean async, ICredentials credentials, Boolean isProxyAuth, HttpConnection connection, HttpConnectionPool connectionPool, CancellationToken cancellationToken)
   at System.Net.Http.HttpConnectionPool.SendWithVersionDetectionAndRetryAsync(HttpRequestMessage request, Boolean async, Boolean doRequestAuth, CancellationToken cancellationToken)
   at System.Net.Http.AuthenticationHelper.SendWithAuthAsync(HttpRequestMessage request, Uri authUri, Boolean async, ICredentials credentials, Boolean preAuthenticate, Boolean isProxyAuth, Boolean doRequestAuth, HttpConnectionPool pool, CancellationToken cancellationToken)
   at System.Net.Http.RedirectHandler.SendAsync(HttpRequestMessage request, Boolean async, CancellationToken cancellationToken)
   at GitHub.Services.Common.RawHttpMessageHandler.SendAsync(HttpRequestMessage request, CancellationToken cancellationToken)
   at GitHub.Services.Common.VssHttpRetryMessageHandler.SendAsync(HttpRequestMessage request, CancellationToken cancellationToken)
   at System.Net.Http.HttpClient.<SendAsync>g__Core|83_0(HttpRequestMessage request, HttpCompletionOption completionOption, CancellationTokenSource cts, Boolean disposeCts, CancellationTokenSource pendingRequestsCts, CancellationToken originalCancellationToken)
[2026-04-17 14:02:48Z ERR  BrokerServer] #####################################################
[2026-04-17 14:02:48Z ERR  BrokerServer] System.IO.IOException: Unable to read data from the transport connection: A operação de E/S foi anulada devido a uma saída de thread ou a uma requisição de aplicativo..
 ---> System.Net.Sockets.SocketException (995): A operação de E/S foi anulada devido a uma saída de thread ou a uma requisição de aplicativo.
   --- End of inner exception stack trace ---
   at System.Net.Sockets.Socket.AwaitableSocketAsyncEventArgs.ThrowException(SocketError error, CancellationToken cancellationToken)
   at System.Net.Sockets.Socket.AwaitableSocketAsyncEventArgs.System.Threading.Tasks.Sources.IValueTaskSource<System.Int32>.GetResult(Int16 token)
   at System.Net.Security.SslStream.EnsureFullTlsFrameAsync[TIOAdapter](CancellationToken cancellationToken, Int32 estimatedSize)
   at System.Runtime.CompilerServices.PoolingAsyncValueTaskMethodBuilder`1.StateMachineBox`1.System.Threading.Tasks.Sources.IValueTaskSource<TResult>.GetResult(Int16 token)
   at System.Net.Security.SslStream.ReadAsyncInternal[TIOAdapter](Memory`1 buffer, CancellationToken cancellationToken)
   at System.Runtime.CompilerServices.PoolingAsyncValueTaskMethodBuilder`1.StateMachineBox`1.System.Threading.Tasks.Sources.IValueTaskSource<TResult>.GetResult(Int16 token)
   at System.Net.Http.HttpConnection.SendAsync(HttpRequestMessage request, Boolean async, CancellationToken cancellationToken)
[2026-04-17 14:02:48Z ERR  BrokerServer] #####################################################
[2026-04-17 14:02:48Z ERR  BrokerServer] System.Net.Sockets.SocketException (995): A operação de E/S foi anulada devido a uma saída de thread ou a uma requisição de aplicativo.
[2026-04-17 14:02:48Z WARN BrokerServer] Back off 14,172 seconds before next retry. 4 attempt left.
[2026-04-17 14:02:48Z INFO BrokerMessageListener] Get messages has been cancelled using local token source. Continue to get messages with new status.
[2026-04-17 14:06:31Z INFO HostContext] Runner will be shutdown for UserCancelled
[2026-04-17 14:06:31Z WARN GitHubActionsService] GET request to https://broker.actions.githubusercontent.com/message?sessionId=b210b122-c49c-405f-94b5-6fcc4eec4fbb&status=Online&runnerVersion=2.333.1&os=Windows&architecture=X64&disableUpdate=false has been cancelled.
[2026-04-17 14:06:31Z ERR  BrokerServer] Catch exception during request
[2026-04-17 14:06:31Z ERR  BrokerServer] System.Threading.Tasks.TaskCanceledException: The operation was canceled.
 ---> System.Threading.Tasks.TaskCanceledException: The operation was canceled.
 ---> System.IO.IOException: Unable to read data from the transport connection: A operação de E/S foi anulada devido a uma saída de thread ou a uma requisição de aplicativo..
 ---> System.Net.Sockets.SocketException (995): A operação de E/S foi anulada devido a uma saída de thread ou a uma requisição de aplicativo.
   --- End of inner exception stack trace ---
   at System.Net.Sockets.Socket.AwaitableSocketAsyncEventArgs.ThrowException(SocketError error, CancellationToken cancellationToken)
   at System.Net.Sockets.Socket.AwaitableSocketAsyncEventArgs.System.Threading.Tasks.Sources.IValueTaskSource<System.Int32>.GetResult(Int16 token)
   at System.Net.Security.SslStream.EnsureFullTlsFrameAsync[TIOAdapter](CancellationToken cancellationToken, Int32 estimatedSize)
   at System.Runtime.CompilerServices.PoolingAsyncValueTaskMethodBuilder`1.StateMachineBox`1.System.Threading.Tasks.Sources.IValueTaskSource<TResult>.GetResult(Int16 token)
   at System.Net.Security.SslStream.ReadAsyncInternal[TIOAdapter](Memory`1 buffer, CancellationToken cancellationToken)
   at System.Runtime.CompilerServices.PoolingAsyncValueTaskMethodBuilder`1.StateMachineBox`1.System.Threading.Tasks.Sources.IValueTaskSource<TResult>.GetResult(Int16 token)
   at System.Net.Http.HttpConnection.SendAsync(HttpRequestMessage request, Boolean async, CancellationToken cancellationToken)
   --- End of inner exception stack trace ---
   at System.Net.Http.HttpConnection.SendAsync(HttpRequestMessage request, Boolean async, CancellationToken cancellationToken)
   at System.Net.Http.AuthenticationHelper.SendWithNtAuthAsync(HttpRequestMessage request, Uri authUri, Boolean async, ICredentials credentials, Boolean isProxyAuth, HttpConnection connection, HttpConnectionPool connectionPool, CancellationToken cancellationToken)
   at System.Net.Http.HttpConnectionPool.SendWithVersionDetectionAndRetryAsync(HttpRequestMessage request, Boolean async, Boolean doRequestAuth, CancellationToken cancellationToken)
   at System.Net.Http.AuthenticationHelper.SendWithAuthAsync(HttpRequestMessage request, Uri authUri, Boolean async, ICredentials credentials, Boolean preAuthenticate, Boolean isProxyAuth, Boolean doRequestAuth, HttpConnectionPool pool, CancellationToken cancellationToken)
   at System.Net.Http.RedirectHandler.SendAsync(HttpRequestMessage request, Boolean async, CancellationToken cancellationToken)
   at GitHub.Services.Common.RawHttpMessageHandler.SendAsync(HttpRequestMessage request, CancellationToken cancellationToken)
   at GitHub.Services.Common.VssHttpRetryMessageHandler.SendAsync(HttpRequestMessage request, CancellationToken cancellationToken)
   at System.Net.Http.HttpClient.<SendAsync>g__Core|83_0(HttpRequestMessage request, HttpCompletionOption completionOption, CancellationTokenSource cts, Boolean disposeCts, CancellationTokenSource pendingRequestsCts, CancellationToken originalCancellationToken)
   --- End of inner exception stack trace ---
   at System.Net.Http.HttpClient.HandleFailure(Exception e, Boolean telemetryStarted, HttpResponseMessage response, CancellationTokenSource cts, CancellationToken cancellationToken, CancellationTokenSource pendingRequestsCts)
   at System.Net.Http.HttpClient.<SendAsync>g__Core|83_0(HttpRequestMessage request, HttpCompletionOption completionOption, CancellationTokenSource cts, Boolean disposeCts, CancellationTokenSource pendingRequestsCts, CancellationToken originalCancellationToken)
   at Sdk.WebApi.WebApi.RawHttpClientBase.SendAsync(HttpRequestMessage message, HttpCompletionOption completionOption, Object userState, CancellationToken cancellationToken)
   at Sdk.WebApi.WebApi.RawHttpClientBase.SendAsync[T](HttpRequestMessage message, Boolean readErrorBody, Object userState, CancellationToken cancellationToken)
   at Sdk.WebApi.WebApi.RawHttpClientBase.SendAsync[T](HttpMethod method, IEnumerable`1 additionalHeaders, Uri requestUri, HttpContent content, IEnumerable`1 queryParameters, Boolean readErrorBody, Object userState, CancellationToken cancellationToken)
   at GitHub.Actions.RunService.WebApi.BrokerHttpClient.GetRunnerMessageAsync(Nullable`1 sessionId, String runnerVersion, Nullable`1 status, String os, String architecture, Nullable`1 disableUpdate, CancellationToken cancellationToken)
   at GitHub.Runner.Common.BrokerServer.<>c__DisplayClass7_0.<<GetRunnerMessageAsync>b__0>d.MoveNext()
--- End of stack trace from previous location ---
   at GitHub.Runner.Common.RunnerService.RetryRequest[T](Func`1 func, CancellationToken cancellationToken, Int32 maxAttempts, Func`2 shouldRetry)
[2026-04-17 14:06:31Z ERR  BrokerServer] #####################################################
[2026-04-17 14:06:31Z ERR  BrokerServer] System.Threading.Tasks.TaskCanceledException: The operation was canceled.
 ---> System.IO.IOException: Unable to read data from the transport connection: A operação de E/S foi anulada devido a uma saída de thread ou a uma requisição de aplicativo..
 ---> System.Net.Sockets.SocketException (995): A operação de E/S foi anulada devido a uma saída de thread ou a uma requisição de aplicativo.
   --- End of inner exception stack trace ---
   at System.Net.Sockets.Socket.AwaitableSocketAsyncEventArgs.ThrowException(SocketError error, CancellationToken cancellationToken)
   at System.Net.Sockets.Socket.AwaitableSocketAsyncEventArgs.System.Threading.Tasks.Sources.IValueTaskSource<System.Int32>.GetResult(Int16 token)
   at System.Net.Security.SslStream.EnsureFullTlsFrameAsync[TIOAdapter](CancellationToken cancellationToken, Int32 estimatedSize)
   at System.Runtime.CompilerServices.PoolingAsyncValueTaskMethodBuilder`1.StateMachineBox`1.System.Threading.Tasks.Sources.IValueTaskSource<TResult>.GetResult(Int16 token)
   at System.Net.Security.SslStream.ReadAsyncInternal[TIOAdapter](Memory`1 buffer, CancellationToken cancellationToken)
   at System.Runtime.CompilerServices.PoolingAsyncValueTaskMethodBuilder`1.StateMachineBox`1.System.Threading.Tasks.Sources.IValueTaskSource<TResult>.GetResult(Int16 token)
   at System.Net.Http.HttpConnection.SendAsync(HttpRequestMessage request, Boolean async, CancellationToken cancellationToken)
   --- End of inner exception stack trace ---
   at System.Net.Http.HttpConnection.SendAsync(HttpRequestMessage request, Boolean async, CancellationToken cancellationToken)
   at System.Net.Http.AuthenticationHelper.SendWithNtAuthAsync(HttpRequestMessage request, Uri authUri, Boolean async, ICredentials credentials, Boolean isProxyAuth, HttpConnection connection, HttpConnectionPool connectionPool, CancellationToken cancellationToken)
   at System.Net.Http.HttpConnectionPool.SendWithVersionDetectionAndRetryAsync(HttpRequestMessage request, Boolean async, Boolean doRequestAuth, CancellationToken cancellationToken)
   at System.Net.Http.AuthenticationHelper.SendWithAuthAsync(HttpRequestMessage request, Uri authUri, Boolean async, ICredentials credentials, Boolean preAuthenticate, Boolean isProxyAuth, Boolean doRequestAuth, HttpConnectionPool pool, CancellationToken cancellationToken)
   at System.Net.Http.RedirectHandler.SendAsync(HttpRequestMessage request, Boolean async, CancellationToken cancellationToken)
   at GitHub.Services.Common.RawHttpMessageHandler.SendAsync(HttpRequestMessage request, CancellationToken cancellationToken)
   at GitHub.Services.Common.VssHttpRetryMessageHandler.SendAsync(HttpRequestMessage request, CancellationToken cancellationToken)
   at System.Net.Http.HttpClient.<SendAsync>g__Core|83_0(HttpRequestMessage request, HttpCompletionOption completionOption, CancellationTokenSource cts, Boolean disposeCts, CancellationTokenSource pendingRequestsCts, CancellationToken originalCancellationToken)
[2026-04-17 14:06:31Z ERR  BrokerServer] #####################################################
[2026-04-17 14:06:31Z ERR  BrokerServer] System.IO.IOException: Unable to read data from the transport connection: A operação de E/S foi anulada devido a uma saída de thread ou a uma requisição de aplicativo..
 ---> System.Net.Sockets.SocketException (995): A operação de E/S foi anulada devido a uma saída de thread ou a uma requisição de aplicativo.
   --- End of inner exception stack trace ---
   at System.Net.Sockets.Socket.AwaitableSocketAsyncEventArgs.ThrowException(SocketError error, CancellationToken cancellationToken)
   at System.Net.Sockets.Socket.AwaitableSocketAsyncEventArgs.System.Threading.Tasks.Sources.IValueTaskSource<System.Int32>.GetResult(Int16 token)
   at System.Net.Security.SslStream.EnsureFullTlsFrameAsync[TIOAdapter](CancellationToken cancellationToken, Int32 estimatedSize)
   at System.Runtime.CompilerServices.PoolingAsyncValueTaskMethodBuilder`1.StateMachineBox`1.System.Threading.Tasks.Sources.IValueTaskSource<TResult>.GetResult(Int16 token)
   at System.Net.Security.SslStream.ReadAsyncInternal[TIOAdapter](Memory`1 buffer, CancellationToken cancellationToken)
   at System.Runtime.CompilerServices.PoolingAsyncValueTaskMethodBuilder`1.StateMachineBox`1.System.Threading.Tasks.Sources.IValueTaskSource<TResult>.GetResult(Int16 token)
   at System.Net.Http.HttpConnection.SendAsync(HttpRequestMessage request, Boolean async, CancellationToken cancellationToken)
[2026-04-17 14:06:31Z ERR  BrokerServer] #####################################################
[2026-04-17 14:06:31Z ERR  BrokerServer] System.Net.Sockets.SocketException (995): A operação de E/S foi anulada devido a uma saída de thread ou a uma requisição de aplicativo.
[2026-04-17 14:06:31Z WARN BrokerServer] Back off 5,82 seconds before next retry. 4 attempt left.
[2026-04-17 14:06:31Z INFO BrokerMessageListener] Get next message has been cancelled.
[2026-04-17 14:06:31Z INFO JobDispatcher] Shutting down JobDispatcher. Make sure all WorkerDispatcher has finished.
[2026-04-17 14:06:31Z INFO JobDispatcher] Ensure WorkerDispatcher for job 669dc808-c330-5757-80d5-74b3f40a6d75 run to finish, cancel any running job.
[2026-04-17 14:06:31Z INFO JobDispatcher] Job request 669dc808-c330-5757-80d5-74b3f40a6d75 processed succeed.
[2026-04-17 14:06:31Z INFO Runner] Deleting Runner Session...
[2026-04-17 14:06:32Z INFO Listener] Runner execution been cancelled.
