[2026-04-17 15:34:04Z INFO HostContext] No proxy settings were found based on environmental variables (http_proxy/https_proxy/HTTP_PROXY/HTTPS_PROXY)
[2026-04-17 15:34:04Z INFO HostContext] Well known directory 'Bin': 'C:\Testes_Automação\teste_e2eViacaoCometa\actions-runner\bin'
[2026-04-17 15:34:04Z INFO HostContext] Well known directory 'Root': 'C:\Testes_Automação\teste_e2eViacaoCometa\actions-runner'
[2026-04-17 15:34:04Z INFO HostContext] Well known config file 'Credentials': 'C:\Testes_Automação\teste_e2eViacaoCometa\actions-runner\.credentials'
[2026-04-17 15:34:04Z INFO HostContext] Well known directory 'Bin': 'C:\Testes_Automação\teste_e2eViacaoCometa\actions-runner\bin'
[2026-04-17 15:34:04Z INFO HostContext] Well known directory 'Root': 'C:\Testes_Automação\teste_e2eViacaoCometa\actions-runner'
[2026-04-17 15:34:04Z INFO HostContext] Well known config file 'Runner': 'C:\Testes_Automação\teste_e2eViacaoCometa\actions-runner\.runner'
[2026-04-17 15:34:04Z INFO Listener] Runner is built for Windows (X64) - win-x64.
[2026-04-17 15:34:04Z INFO Listener] RuntimeInformation: Microsoft Windows 10.0.26200.
[2026-04-17 15:34:04Z INFO Listener] Version: 2.333.1
[2026-04-17 15:34:04Z INFO Listener] Commit: 6792966801e8925346735b68c03bf9f347af4646
[2026-04-17 15:34:04Z INFO Listener] Culture: pt-BR
[2026-04-17 15:34:04Z INFO Listener] UI Culture: pt-BR
[2026-04-17 15:34:04Z INFO HostContext] Well known directory 'Bin': 'C:\Testes_Automação\teste_e2eViacaoCometa\actions-runner\bin'
[2026-04-17 15:34:04Z INFO HostContext] Well known directory 'Root': 'C:\Testes_Automação\teste_e2eViacaoCometa\actions-runner'
[2026-04-17 15:34:04Z INFO Listener] Validating directory permissions for: 'C:\Testes_Automação\teste_e2eViacaoCometa\actions-runner'
[2026-04-17 15:34:04Z INFO CommandLineParser] Parse
[2026-04-17 15:34:04Z INFO CommandLineParser] Parsing 1 args
[2026-04-17 15:34:04Z INFO CommandLineParser] parsing argument
[2026-04-17 15:34:04Z INFO CommandLineParser] HasArgs: False
[2026-04-17 15:34:04Z INFO CommandLineParser] Adding Command: run
[2026-04-17 15:34:04Z INFO Listener] Arguments parsed
[2026-04-17 15:34:04Z INFO Runner] ExecuteCommand
[2026-04-17 15:34:04Z INFO ConfigurationStore] currentAssemblyLocation: C:\Testes_Automação\teste_e2eViacaoCometa\actions-runner\bin\Runner.Listener.dll
[2026-04-17 15:34:04Z INFO HostContext] Well known directory 'Bin': 'C:\Testes_Automação\teste_e2eViacaoCometa\actions-runner\bin'
[2026-04-17 15:34:04Z INFO ConfigurationStore] binPath: C:\Testes_Automação\teste_e2eViacaoCometa\actions-runner\bin
[2026-04-17 15:34:04Z INFO HostContext] Well known directory 'Bin': 'C:\Testes_Automação\teste_e2eViacaoCometa\actions-runner\bin'
[2026-04-17 15:34:04Z INFO HostContext] Well known directory 'Root': 'C:\Testes_Automação\teste_e2eViacaoCometa\actions-runner'
[2026-04-17 15:34:04Z INFO ConfigurationStore] RootFolder: C:\Testes_Automação\teste_e2eViacaoCometa\actions-runner
[2026-04-17 15:34:04Z INFO HostContext] Well known directory 'Bin': 'C:\Testes_Automação\teste_e2eViacaoCometa\actions-runner\bin'
[2026-04-17 15:34:04Z INFO HostContext] Well known directory 'Root': 'C:\Testes_Automação\teste_e2eViacaoCometa\actions-runner'
[2026-04-17 15:34:04Z INFO HostContext] Well known config file 'Runner': 'C:\Testes_Automação\teste_e2eViacaoCometa\actions-runner\.runner'
[2026-04-17 15:34:04Z INFO ConfigurationStore] ConfigFilePath: C:\Testes_Automação\teste_e2eViacaoCometa\actions-runner\.runner
[2026-04-17 15:34:04Z INFO HostContext] Well known directory 'Bin': 'C:\Testes_Automação\teste_e2eViacaoCometa\actions-runner\bin'
[2026-04-17 15:34:04Z INFO HostContext] Well known directory 'Root': 'C:\Testes_Automação\teste_e2eViacaoCometa\actions-runner'
[2026-04-17 15:34:04Z INFO HostContext] Well known config file 'MigratedRunner': 'C:\Testes_Automação\teste_e2eViacaoCometa\actions-runner\.runner_migrated'
[2026-04-17 15:34:04Z INFO ConfigurationStore] MigratedConfigFilePath: C:\Testes_Automação\teste_e2eViacaoCometa\actions-runner\.runner_migrated
[2026-04-17 15:34:04Z INFO HostContext] Well known directory 'Bin': 'C:\Testes_Automação\teste_e2eViacaoCometa\actions-runner\bin'
[2026-04-17 15:34:04Z INFO HostContext] Well known directory 'Root': 'C:\Testes_Automação\teste_e2eViacaoCometa\actions-runner'
[2026-04-17 15:34:04Z INFO HostContext] Well known config file 'Credentials': 'C:\Testes_Automação\teste_e2eViacaoCometa\actions-runner\.credentials'
[2026-04-17 15:34:04Z INFO ConfigurationStore] CredFilePath: C:\Testes_Automação\teste_e2eViacaoCometa\actions-runner\.credentials
[2026-04-17 15:34:04Z INFO HostContext] Well known directory 'Bin': 'C:\Testes_Automação\teste_e2eViacaoCometa\actions-runner\bin'
[2026-04-17 15:34:04Z INFO HostContext] Well known directory 'Root': 'C:\Testes_Automação\teste_e2eViacaoCometa\actions-runner'
[2026-04-17 15:34:04Z INFO HostContext] Well known config file 'MigratedCredentials': 'C:\Testes_Automação\teste_e2eViacaoCometa\actions-runner\.credentials_migrated'
[2026-04-17 15:34:04Z INFO ConfigurationStore] MigratedCredFilePath: C:\Testes_Automação\teste_e2eViacaoCometa\actions-runner\.credentials_migrated
[2026-04-17 15:34:04Z INFO HostContext] Well known directory 'Bin': 'C:\Testes_Automação\teste_e2eViacaoCometa\actions-runner\bin'
[2026-04-17 15:34:04Z INFO HostContext] Well known directory 'Root': 'C:\Testes_Automação\teste_e2eViacaoCometa\actions-runner'
[2026-04-17 15:34:04Z INFO HostContext] Well known config file 'Service': 'C:\Testes_Automação\teste_e2eViacaoCometa\actions-runner\.service'
[2026-04-17 15:34:04Z INFO ConfigurationStore] ServiceConfigFilePath: C:\Testes_Automação\teste_e2eViacaoCometa\actions-runner\.service
[2026-04-17 15:34:04Z INFO CommandSettings] Flag 'help': 'False'
[2026-04-17 15:34:04Z INFO CommandSettings] Flag 'version': 'False'
[2026-04-17 15:34:04Z INFO CommandSettings] Flag 'commit': 'False'
[2026-04-17 15:34:04Z INFO CommandSettings] Flag 'check': 'False'
[2026-04-17 15:34:04Z INFO CommandSettings] Command 'configure': 'False'
[2026-04-17 15:34:04Z INFO CommandSettings] Command 'remove': 'False'
[2026-04-17 15:34:04Z INFO CommandSettings] Command 'warmup': 'False'
[2026-04-17 15:34:04Z INFO ConfigurationManager] LoadSettings
[2026-04-17 15:34:04Z INFO ConfigurationStore] IsConfigured()
[2026-04-17 15:34:04Z INFO ConfigurationStore] IsConfigured: True
[2026-04-17 15:34:04Z INFO ConfigurationManager] Is configured: True
[2026-04-17 15:34:04Z INFO ConfigurationStore] Read setting file: 417 chars
[2026-04-17 15:34:04Z INFO ConfigurationManager] Settings Loaded
[2026-04-17 15:34:04Z INFO ConfigurationStore] IsServiceConfigured()
[2026-04-17 15:34:04Z INFO ConfigurationStore] IsServiceConfigured: False
[2026-04-17 15:34:04Z INFO CommandSettings] Command 'run': 'True'
[2026-04-17 15:34:04Z INFO ConfigurationStore] IsConfigured()
[2026-04-17 15:34:04Z INFO ConfigurationStore] IsConfigured: True
[2026-04-17 15:34:04Z INFO ConfigurationManager] Is configured: True
[2026-04-17 15:34:04Z INFO Runner] Could not parse the argument value '' for StartupType. Defaulting to Manual
[2026-04-17 15:34:04Z INFO Runner] Set runner startup type - Manual
[2026-04-17 15:34:04Z INFO CommandSettings] Flag 'once': 'False'
[2026-04-17 15:34:04Z INFO CommandSettings] Flag 'once': 'False'
[2026-04-17 15:34:04Z INFO Runner] RunAsync
[2026-04-17 15:34:04Z INFO HostContext] Well known directory 'Bin': 'C:\Testes_Automação\teste_e2eViacaoCometa\actions-runner\bin'
[2026-04-17 15:34:04Z INFO HostContext] Well known directory 'Root': 'C:\Testes_Automação\teste_e2eViacaoCometa\actions-runner'
[2026-04-17 15:34:04Z INFO HostContext] Well known directory 'Work': 'C:\Testes_Automação\teste_e2eViacaoCometa\actions-runner\_work'
[2026-04-17 15:34:04Z INFO Runner] Validating directory permissions for: 'C:\Testes_Automação\teste_e2eViacaoCometa\actions-runner\_work'
[2026-04-17 15:34:04Z INFO ConfigurationManager] LoadMigratedSettings
[2026-04-17 15:34:04Z INFO ConfigurationStore] IsMigratedConfigured()
[2026-04-17 15:34:04Z INFO ConfigurationStore] IsMigratedConfigured: False
[2026-04-17 15:34:04Z INFO Runner] Failed to load migrated settings: No migrated configuration found.
[2026-04-17 15:34:04Z INFO Runner] Falling back to original .runner settings
[2026-04-17 15:34:04Z INFO Runner] Using BrokerMessageListener
[2026-04-17 15:34:04Z INFO BrokerMessageListener] Using provided settings
[2026-04-17 15:34:04Z INFO BrokerMessageListener] {
  "AgentId": 24,
  "AgentName": "POSSPCOMN251Y",
  "PoolId": 1,
  "PoolName": "Default",
  "ServerUrl": "https://pipelinesghubeus10.actions.githubusercontent.com/4oBWS9qQR2fZGTQWueNTYNICltkenD8tIs5SYasopdrJwFqz4P/",
  "GitHubUrl": "https://github.com/AndersonSilva-Jca/teste_e2eViacaoCometa",
  "WorkFolder": "_work",
  "UseV2Flow": true,
  "ServerUrlV2": "https://broker.actions.githubusercontent.com/"
}
[2026-04-17 15:34:04Z INFO BrokerMessageListener] Loading Credentials
[2026-04-17 15:34:04Z INFO ConfigurationStore] HasCredentials()
[2026-04-17 15:34:04Z INFO ConfigurationStore] stored True
[2026-04-17 15:34:04Z INFO CredentialManager] GetCredentialProvider
[2026-04-17 15:34:04Z INFO CredentialManager] Creating type OAuth
[2026-04-17 15:34:04Z INFO CredentialManager] Creating credential type: OAuth
[2026-04-17 15:34:04Z INFO HostContext] Well known directory 'Bin': 'C:\Testes_Automação\teste_e2eViacaoCometa\actions-runner\bin'
[2026-04-17 15:34:04Z INFO HostContext] Well known directory 'Root': 'C:\Testes_Automação\teste_e2eViacaoCometa\actions-runner'
[2026-04-17 15:34:04Z INFO HostContext] Well known config file 'RSACredentials': 'C:\Testes_Automação\teste_e2eViacaoCometa\actions-runner\.credentials_rsaparams'
[2026-04-17 15:34:04Z INFO RSAEncryptedFileKeyManager] Loading RSA key parameters from file C:\Testes_Automação\teste_e2eViacaoCometa\actions-runner\.credentials_rsaparams
[2026-04-17 15:34:05Z INFO BrokerMessageListener] Attempt to create session.
[2026-04-17 15:34:05Z INFO BrokerMessageListener] Connecting to the Broker Server...
[2026-04-17 15:34:05Z INFO ConfigurationStore] HasCredentials()
[2026-04-17 15:34:05Z INFO ConfigurationStore] stored True
[2026-04-17 15:34:05Z INFO CredentialManager] GetCredentialProvider
[2026-04-17 15:34:05Z INFO CredentialManager] Creating type OAuth
[2026-04-17 15:34:05Z INFO CredentialManager] Creating credential type: OAuth
[2026-04-17 15:34:05Z INFO RSAEncryptedFileKeyManager] Loading RSA key parameters from file C:\Testes_Automação\teste_e2eViacaoCometa\actions-runner\.credentials_rsaparams
[2026-04-17 15:34:05Z INFO BrokerMessageListener] VssConnection created
[2026-04-17 15:34:05Z INFO BrokerMessageListener] Connecting to the Runner server...
[2026-04-17 15:34:05Z INFO RunnerServer] EstablishVssConnection
[2026-04-17 15:34:05Z INFO RunnerServer] Establish connection with 100 seconds timeout.
[2026-04-17 15:34:05Z INFO GitHubActionsService] Starting operation Location.GetConnectionData
[2026-04-17 15:34:05Z INFO RunnerServer] EstablishVssConnection
[2026-04-17 15:34:05Z INFO RunnerServer] Establish connection with 60 seconds timeout.
[2026-04-17 15:34:05Z INFO GitHubActionsService] Starting operation Location.GetConnectionData
[2026-04-17 15:34:05Z INFO RunnerServer] EstablishVssConnection
[2026-04-17 15:34:05Z INFO RunnerServer] Establish connection with 60 seconds timeout.
[2026-04-17 15:34:05Z INFO GitHubActionsService] Starting operation Location.GetConnectionData
[2026-04-17 15:34:05Z INFO GitHubActionsService] Finished operation Location.GetConnectionData
[2026-04-17 15:34:05Z INFO GitHubActionsService] Finished operation Location.GetConnectionData
[2026-04-17 15:34:05Z INFO GitHubActionsService] Finished operation Location.GetConnectionData
[2026-04-17 15:34:05Z INFO BrokerMessageListener] VssConnection created
[2026-04-17 15:34:05Z INFO Terminal] WRITE LINE: 
[2026-04-17 15:34:05Z INFO Terminal] WRITE LINE: 
[2026-04-17 15:34:05Z INFO RSAEncryptedFileKeyManager] Loading RSA key parameters from file C:\Testes_Automação\teste_e2eViacaoCometa\actions-runner\.credentials_rsaparams
[2026-04-17 15:34:05Z INFO RSAEncryptedFileKeyManager] Loading RSA key parameters from file C:\Testes_Automação\teste_e2eViacaoCometa\actions-runner\.credentials_rsaparams
[2026-04-17 15:34:06Z INFO GitHubActionsService] AAD Correlation ID for this token request: Unknown
[2026-04-17 15:34:07Z INFO BrokerMessageListener] Session created.
[2026-04-17 15:34:07Z INFO Terminal] WRITE LINE: Current runner version: '2.333.1'
[2026-04-17 15:34:07Z INFO Terminal] WRITE LINE: 2026-04-17 15:34:07Z: Listening for Jobs
[2026-04-17 15:34:07Z INFO JobDispatcher] Set runner/worker IPC timeout to 30 seconds.
[2026-04-17 16:09:34Z INFO BrokerMessageListener] Acknowledging runner request 'ecb0b308-477b-51ab-bb14-7a8194548a1a'.
[2026-04-17 16:09:35Z INFO ConfigurationStore] HasCredentials()
[2026-04-17 16:09:35Z INFO ConfigurationStore] stored True
[2026-04-17 16:09:35Z INFO CredentialManager] GetCredentialProvider
[2026-04-17 16:09:35Z INFO CredentialManager] Creating type OAuth
[2026-04-17 16:09:35Z INFO CredentialManager] Creating credential type: OAuth
[2026-04-17 16:09:35Z INFO RSAEncryptedFileKeyManager] Loading RSA key parameters from file C:\Testes_Automação\teste_e2eViacaoCometa\actions-runner\.credentials_rsaparams
[2026-04-17 16:09:35Z INFO RSAEncryptedFileKeyManager] Loading RSA key parameters from file C:\Testes_Automação\teste_e2eViacaoCometa\actions-runner\.credentials_rsaparams
[2026-04-17 16:09:35Z INFO RSAEncryptedFileKeyManager] Loading RSA key parameters from file C:\Testes_Automação\teste_e2eViacaoCometa\actions-runner\.credentials_rsaparams
[2026-04-17 16:09:35Z INFO GitHubActionsService] AAD Correlation ID for this token request: Unknown
[2026-04-17 16:09:36Z INFO JobDispatcher] Job request 0 for plan ea0c8371-573e-4ac6-8413-2d08ebb93c1e job ecb0b308-477b-51ab-bb14-7a8194548a1a received.
[2026-04-17 16:09:36Z INFO JobDispatcher] Pull OrchestrationId ea0c8371-573e-4ac6-8413-2d08ebb93c1e.cypress-run.__default from JWT claims
[2026-04-17 16:09:36Z INFO BrokerMessageListener] Received job status event. JobState: Busy
[2026-04-17 16:09:36Z INFO BrokerMessageListener] _getMessagesTokenSource is already disposed.
[2026-04-17 16:09:36Z INFO Terminal] WRITE LINE: 2026-04-17 16:09:36Z: Running job: cypress-run
[2026-04-17 16:09:36Z INFO JobDispatcher] Start renew job request 0 for job ecb0b308-477b-51ab-bb14-7a8194548a1a.
[2026-04-17 16:09:37Z INFO JobDispatcher] Successfully renew job ecb0b308-477b-51ab-bb14-7a8194548a1a, job is valid till 17/04/2026 16:19:38
[2026-04-17 16:09:37Z INFO HostContext] Well known directory 'Bin': 'C:\Testes_Automação\teste_e2eViacaoCometa\actions-runner\bin'
[2026-04-17 16:09:37Z INFO ProcessInvokerWrapper] Starting process:
[2026-04-17 16:09:37Z INFO ProcessInvokerWrapper]   File name: 'C:\Testes_Automação\teste_e2eViacaoCometa\actions-runner\bin\Runner.Worker.exe'
[2026-04-17 16:09:37Z INFO ProcessInvokerWrapper]   Arguments: 'spawnclient 1944 1452'
[2026-04-17 16:09:37Z INFO ProcessInvokerWrapper]   Working directory: 'C:\Testes_Automação\teste_e2eViacaoCometa\actions-runner\bin'
[2026-04-17 16:09:37Z INFO ProcessInvokerWrapper]   Require exit code zero: 'False'
[2026-04-17 16:09:37Z INFO ProcessInvokerWrapper]   Encoding web name:  ; code page: ''
[2026-04-17 16:09:37Z INFO ProcessInvokerWrapper]   Force kill process on cancellation: 'True'
[2026-04-17 16:09:37Z INFO ProcessInvokerWrapper]   Redirected STDIN: 'False'
[2026-04-17 16:09:37Z INFO ProcessInvokerWrapper]   Persist current code page: 'False'
[2026-04-17 16:09:37Z INFO ProcessInvokerWrapper]   Keep redirected STDIN open: 'False'
[2026-04-17 16:09:37Z INFO ProcessInvokerWrapper]   High priority process: 'True'
[2026-04-17 16:09:37Z INFO ProcessInvokerWrapper] Process started with process id 34872, waiting for process exit.
[2026-04-17 16:09:37Z INFO JobDispatcher] Send job request message to worker for job ecb0b308-477b-51ab-bb14-7a8194548a1a.
[2026-04-17 16:09:37Z INFO ProcessChannel] Sending message of length 23156, with hash 'ea4e6516eeb573c743597d09a86b6099304df31a38d641ac67355376c8f57161'
[2026-04-17 16:09:37Z INFO JobNotification] Entering JobStarted Notification
[2026-04-17 16:09:37Z INFO JobNotification] Entering StartMonitor
[2026-04-17 16:10:37Z INFO JobDispatcher] Successfully renew job ecb0b308-477b-51ab-bb14-7a8194548a1a, job is valid till 17/04/2026 16:20:38
[2026-04-17 16:11:37Z INFO JobDispatcher] Successfully renew job ecb0b308-477b-51ab-bb14-7a8194548a1a, job is valid till 17/04/2026 16:21:39
[2026-04-17 16:12:37Z INFO JobDispatcher] Successfully renew job ecb0b308-477b-51ab-bb14-7a8194548a1a, job is valid till 17/04/2026 16:22:39
[2026-04-17 16:13:37Z INFO JobDispatcher] Successfully renew job ecb0b308-477b-51ab-bb14-7a8194548a1a, job is valid till 17/04/2026 16:23:39
[2026-04-17 16:14:38Z INFO JobDispatcher] Successfully renew job ecb0b308-477b-51ab-bb14-7a8194548a1a, job is valid till 17/04/2026 16:24:39
[2026-04-17 16:14:49Z INFO ProcessInvokerWrapper] STDOUT/STDERR stream read finished.
[2026-04-17 16:14:49Z INFO ProcessInvokerWrapper] STDOUT/STDERR stream read finished.
[2026-04-17 16:14:49Z INFO ProcessInvokerWrapper] Finished process 34872 with exit code 100, and elapsed time 00:05:12.3181521.
[2026-04-17 16:14:49Z INFO JobDispatcher] Worker finished for job ecb0b308-477b-51ab-bb14-7a8194548a1a. Code: 100
[2026-04-17 16:14:49Z INFO JobDispatcher] finish job request for job ecb0b308-477b-51ab-bb14-7a8194548a1a with result: Succeeded
[2026-04-17 16:14:49Z INFO Terminal] WRITE LINE: 2026-04-17 16:14:49Z: Job cypress-run completed with result: Succeeded
[2026-04-17 16:14:49Z INFO JobDispatcher] Stop renew job request for job ecb0b308-477b-51ab-bb14-7a8194548a1a.
[2026-04-17 16:14:49Z INFO JobDispatcher] job renew has been cancelled, stop renew job ecb0b308-477b-51ab-bb14-7a8194548a1a.
[2026-04-17 16:14:49Z INFO JobNotification] Entering JobCompleted Notification
[2026-04-17 16:14:49Z INFO JobNotification] Entering EndMonitor
[2026-04-17 16:14:49Z INFO BrokerMessageListener] Received job status event. JobState: Online
[2026-04-17 16:14:49Z WARN GitHubActionsService] GET request to https://broker.actions.githubusercontent.com/message?sessionId=089365e7-6129-494f-8735-50cb7f5794b4&status=Busy&runnerVersion=2.333.1&os=Windows&architecture=X64&disableUpdate=false has been cancelled.
[2026-04-17 16:14:49Z ERR  BrokerServer] Catch exception during request
[2026-04-17 16:14:49Z ERR  BrokerServer] System.Threading.Tasks.TaskCanceledException: The operation was canceled.
 ---> System.Threading.Tasks.TaskCanceledException: The operation was canceled.
 ---> System.IO.IOException: Unable to read data from the transport connection: A operação de E/S foi anulada devido a uma saída de thread ou a uma requisição de aplicativo..
 ---> System.Net.Sockets.SocketException (995): A operação de E/S foi anulada devido a uma saída de thread ou a uma requisição de aplicativo.
   --- End of inner exception stack trace ---
   at System.Net.Sockets.Socket.AwaitableSocketAsyncEventArgs.ThrowException(SocketError error, CancellationToken cancellationToken)
   at System.Net.Sockets.Socket.AwaitableSocketAsyncEventArgs.System.Threading.Tasks.Sources.IValueTaskSource<System.Int32>.GetResult(Int16 token)
   at System.Net.Security.SslStream.EnsureFullTlsFrameAsync[TIOAdapter](CancellationToken cancellationToken, Int32 estimatedSize)
   at System.Runtime.CompilerServices.PoolingAsyncValueTaskMethodBuilder`1.StateMachineBox`1.System.Threading.Tasks.Sources.IValueTaskSource<TResult>.GetResult(Int16 token)
   at System.Net.Security.SslStream.ReadAsyncInternal[TIOAdapter](Memory`1 buffer, CancellationToken cancellationToken)
   at System.Runtime.CompilerServices.PoolingAsyncValueTaskMethodBuilder`1.StateMachineBox`1.System.Threading.Tasks.Sources.IValueTaskSource<TResult>.GetResult(Int16 token)
   at System.Net.Http.HttpConnection.SendAsync(HttpRequestMessage request, Boolean async, CancellationToken cancellationToken)
   --- End of inner exception stack trace ---
   at System.Net.Http.HttpConnection.SendAsync(HttpRequestMessage request, Boolean async, CancellationToken cancellationToken)
   at System.Net.Http.AuthenticationHelper.SendWithNtAuthAsync(HttpRequestMessage request, Uri authUri, Boolean async, ICredentials credentials, Boolean isProxyAuth, HttpConnection connection, HttpConnectionPool connectionPool, CancellationToken cancellationToken)
   at System.Net.Http.HttpConnectionPool.SendWithVersionDetectionAndRetryAsync(HttpRequestMessage request, Boolean async, Boolean doRequestAuth, CancellationToken cancellationToken)
   at System.Net.Http.AuthenticationHelper.SendWithAuthAsync(HttpRequestMessage request, Uri authUri, Boolean async, ICredentials credentials, Boolean preAuthenticate, Boolean isProxyAuth, Boolean doRequestAuth, HttpConnectionPool pool, CancellationToken cancellationToken)
   at System.Net.Http.RedirectHandler.SendAsync(HttpRequestMessage request, Boolean async, CancellationToken cancellationToken)
   at GitHub.Services.Common.RawHttpMessageHandler.SendAsync(HttpRequestMessage request, CancellationToken cancellationToken)
   at GitHub.Services.Common.VssHttpRetryMessageHandler.SendAsync(HttpRequestMessage request, CancellationToken cancellationToken)
   at System.Net.Http.HttpClient.<SendAsync>g__Core|83_0(HttpRequestMessage request, HttpCompletionOption completionOption, CancellationTokenSource cts, Boolean disposeCts, CancellationTokenSource pendingRequestsCts, CancellationToken originalCancellationToken)
   --- End of inner exception stack trace ---
   at System.Net.Http.HttpClient.HandleFailure(Exception e, Boolean telemetryStarted, HttpResponseMessage response, CancellationTokenSource cts, CancellationToken cancellationToken, CancellationTokenSource pendingRequestsCts)
   at System.Net.Http.HttpClient.<SendAsync>g__Core|83_0(HttpRequestMessage request, HttpCompletionOption completionOption, CancellationTokenSource cts, Boolean disposeCts, CancellationTokenSource pendingRequestsCts, CancellationToken originalCancellationToken)
   at Sdk.WebApi.WebApi.RawHttpClientBase.SendAsync(HttpRequestMessage message, HttpCompletionOption completionOption, Object userState, CancellationToken cancellationToken)
   at Sdk.WebApi.WebApi.RawHttpClientBase.SendAsync[T](HttpRequestMessage message, Boolean readErrorBody, Object userState, CancellationToken cancellationToken)
   at Sdk.WebApi.WebApi.RawHttpClientBase.SendAsync[T](HttpMethod method, IEnumerable`1 additionalHeaders, Uri requestUri, HttpContent content, IEnumerable`1 queryParameters, Boolean readErrorBody, Object userState, CancellationToken cancellationToken)
   at GitHub.Actions.RunService.WebApi.BrokerHttpClient.GetRunnerMessageAsync(Nullable`1 sessionId, String runnerVersion, Nullable`1 status, String os, String architecture, Nullable`1 disableUpdate, CancellationToken cancellationToken)
   at GitHub.Runner.Common.BrokerServer.<>c__DisplayClass7_0.<<GetRunnerMessageAsync>b__0>d.MoveNext()
--- End of stack trace from previous location ---
   at GitHub.Runner.Common.RunnerService.RetryRequest[T](Func`1 func, CancellationToken cancellationToken, Int32 maxAttempts, Func`2 shouldRetry)
[2026-04-17 16:14:49Z ERR  BrokerServer] #####################################################
[2026-04-17 16:14:49Z ERR  BrokerServer] System.Threading.Tasks.TaskCanceledException: The operation was canceled.
 ---> System.IO.IOException: Unable to read data from the transport connection: A operação de E/S foi anulada devido a uma saída de thread ou a uma requisição de aplicativo..
 ---> System.Net.Sockets.SocketException (995): A operação de E/S foi anulada devido a uma saída de thread ou a uma requisição de aplicativo.
   --- End of inner exception stack trace ---
   at System.Net.Sockets.Socket.AwaitableSocketAsyncEventArgs.ThrowException(SocketError error, CancellationToken cancellationToken)
   at System.Net.Sockets.Socket.AwaitableSocketAsyncEventArgs.System.Threading.Tasks.Sources.IValueTaskSource<System.Int32>.GetResult(Int16 token)
   at System.Net.Security.SslStream.EnsureFullTlsFrameAsync[TIOAdapter](CancellationToken cancellationToken, Int32 estimatedSize)
   at System.Runtime.CompilerServices.PoolingAsyncValueTaskMethodBuilder`1.StateMachineBox`1.System.Threading.Tasks.Sources.IValueTaskSource<TResult>.GetResult(Int16 token)
   at System.Net.Security.SslStream.ReadAsyncInternal[TIOAdapter](Memory`1 buffer, CancellationToken cancellationToken)
   at System.Runtime.CompilerServices.PoolingAsyncValueTaskMethodBuilder`1.StateMachineBox`1.System.Threading.Tasks.Sources.IValueTaskSource<TResult>.GetResult(Int16 token)
   at System.Net.Http.HttpConnection.SendAsync(HttpRequestMessage request, Boolean async, CancellationToken cancellationToken)
   --- End of inner exception stack trace ---
   at System.Net.Http.HttpConnection.SendAsync(HttpRequestMessage request, Boolean async, CancellationToken cancellationToken)
   at System.Net.Http.AuthenticationHelper.SendWithNtAuthAsync(HttpRequestMessage request, Uri authUri, Boolean async, ICredentials credentials, Boolean isProxyAuth, HttpConnection connection, HttpConnectionPool connectionPool, CancellationToken cancellationToken)
   at System.Net.Http.HttpConnectionPool.SendWithVersionDetectionAndRetryAsync(HttpRequestMessage request, Boolean async, Boolean doRequestAuth, CancellationToken cancellationToken)
   at System.Net.Http.AuthenticationHelper.SendWithAuthAsync(HttpRequestMessage request, Uri authUri, Boolean async, ICredentials credentials, Boolean preAuthenticate, Boolean isProxyAuth, Boolean doRequestAuth, HttpConnectionPool pool, CancellationToken cancellationToken)
   at System.Net.Http.RedirectHandler.SendAsync(HttpRequestMessage request, Boolean async, CancellationToken cancellationToken)
   at GitHub.Services.Common.RawHttpMessageHandler.SendAsync(HttpRequestMessage request, CancellationToken cancellationToken)
   at GitHub.Services.Common.VssHttpRetryMessageHandler.SendAsync(HttpRequestMessage request, CancellationToken cancellationToken)
   at System.Net.Http.HttpClient.<SendAsync>g__Core|83_0(HttpRequestMessage request, HttpCompletionOption completionOption, CancellationTokenSource cts, Boolean disposeCts, CancellationTokenSource pendingRequestsCts, CancellationToken originalCancellationToken)
[2026-04-17 16:14:49Z ERR  BrokerServer] #####################################################
[2026-04-17 16:14:49Z ERR  BrokerServer] System.IO.IOException: Unable to read data from the transport connection: A operação de E/S foi anulada devido a uma saída de thread ou a uma requisição de aplicativo..
 ---> System.Net.Sockets.SocketException (995): A operação de E/S foi anulada devido a uma saída de thread ou a uma requisição de aplicativo.
   --- End of inner exception stack trace ---
   at System.Net.Sockets.Socket.AwaitableSocketAsyncEventArgs.ThrowException(SocketError error, CancellationToken cancellationToken)
   at System.Net.Sockets.Socket.AwaitableSocketAsyncEventArgs.System.Threading.Tasks.Sources.IValueTaskSource<System.Int32>.GetResult(Int16 token)
   at System.Net.Security.SslStream.EnsureFullTlsFrameAsync[TIOAdapter](CancellationToken cancellationToken, Int32 estimatedSize)
   at System.Runtime.CompilerServices.PoolingAsyncValueTaskMethodBuilder`1.StateMachineBox`1.System.Threading.Tasks.Sources.IValueTaskSource<TResult>.GetResult(Int16 token)
   at System.Net.Security.SslStream.ReadAsyncInternal[TIOAdapter](Memory`1 buffer, CancellationToken cancellationToken)
   at System.Runtime.CompilerServices.PoolingAsyncValueTaskMethodBuilder`1.StateMachineBox`1.System.Threading.Tasks.Sources.IValueTaskSource<TResult>.GetResult(Int16 token)
   at System.Net.Http.HttpConnection.SendAsync(HttpRequestMessage request, Boolean async, CancellationToken cancellationToken)
[2026-04-17 16:14:49Z ERR  BrokerServer] #####################################################
[2026-04-17 16:14:49Z ERR  BrokerServer] System.Net.Sockets.SocketException (995): A operação de E/S foi anulada devido a uma saída de thread ou a uma requisição de aplicativo.
[2026-04-17 16:14:49Z WARN BrokerServer] Back off 10,362 seconds before next retry. 4 attempt left.
[2026-04-17 16:14:49Z INFO BrokerMessageListener] Get messages has been cancelled using local token source. Continue to get messages with new status.
[2026-04-17 16:25:00Z INFO RSAEncryptedFileKeyManager] Loading RSA key parameters from file C:\Testes_Automação\teste_e2eViacaoCometa\actions-runner\.credentials_rsaparams
[2026-04-17 16:25:01Z INFO GitHubActionsService] AAD Correlation ID for this token request: Unknown
[2026-04-17 17:06:50Z INFO BrokerMessageListener] Acknowledging runner request '45786fab-4e12-547a-9855-080d72f599b6'.
[2026-04-17 17:06:50Z INFO ConfigurationStore] HasCredentials()
[2026-04-17 17:06:50Z INFO ConfigurationStore] stored True
[2026-04-17 17:06:50Z INFO CredentialManager] GetCredentialProvider
[2026-04-17 17:06:50Z INFO CredentialManager] Creating type OAuth
[2026-04-17 17:06:50Z INFO CredentialManager] Creating credential type: OAuth
[2026-04-17 17:06:50Z INFO RSAEncryptedFileKeyManager] Loading RSA key parameters from file C:\Testes_Automação\teste_e2eViacaoCometa\actions-runner\.credentials_rsaparams
[2026-04-17 17:06:50Z INFO RSAEncryptedFileKeyManager] Loading RSA key parameters from file C:\Testes_Automação\teste_e2eViacaoCometa\actions-runner\.credentials_rsaparams
[2026-04-17 17:06:50Z INFO RSAEncryptedFileKeyManager] Loading RSA key parameters from file C:\Testes_Automação\teste_e2eViacaoCometa\actions-runner\.credentials_rsaparams
[2026-04-17 17:06:51Z INFO GitHubActionsService] AAD Correlation ID for this token request: Unknown
[2026-04-17 17:06:52Z INFO JobDispatcher] Job request 0 for plan 0a5319ae-0008-4b91-8668-bdcd6f327a81 job 45786fab-4e12-547a-9855-080d72f599b6 received.
[2026-04-17 17:06:52Z INFO JobDispatcher] Pull OrchestrationId 0a5319ae-0008-4b91-8668-bdcd6f327a81.cypress-run.__default from JWT claims
[2026-04-17 17:06:52Z INFO BrokerMessageListener] Received job status event. JobState: Busy
[2026-04-17 17:06:52Z INFO BrokerMessageListener] _getMessagesTokenSource is already disposed.
[2026-04-17 17:06:52Z INFO JobDispatcher] Job request ecb0b308-477b-51ab-bb14-7a8194548a1a processed succeed.
[2026-04-17 17:06:52Z INFO Terminal] WRITE LINE: 2026-04-17 17:06:52Z: Running job: cypress-run
[2026-04-17 17:06:52Z INFO JobDispatcher] Start renew job request 0 for job 45786fab-4e12-547a-9855-080d72f599b6.
[2026-04-17 17:06:52Z INFO JobDispatcher] Successfully renew job 45786fab-4e12-547a-9855-080d72f599b6, job is valid till 17/04/2026 17:16:54
[2026-04-17 17:06:52Z INFO HostContext] Well known directory 'Bin': 'C:\Testes_Automação\teste_e2eViacaoCometa\actions-runner\bin'
[2026-04-17 17:06:52Z INFO ProcessInvokerWrapper] Starting process:
[2026-04-17 17:06:52Z INFO ProcessInvokerWrapper]   File name: 'C:\Testes_Automação\teste_e2eViacaoCometa\actions-runner\bin\Runner.Worker.exe'
[2026-04-17 17:06:52Z INFO ProcessInvokerWrapper]   Arguments: 'spawnclient 3348 3360'
[2026-04-17 17:06:52Z INFO ProcessInvokerWrapper]   Working directory: 'C:\Testes_Automação\teste_e2eViacaoCometa\actions-runner\bin'
[2026-04-17 17:06:52Z INFO ProcessInvokerWrapper]   Require exit code zero: 'False'
[2026-04-17 17:06:52Z INFO ProcessInvokerWrapper]   Encoding web name:  ; code page: ''
[2026-04-17 17:06:52Z INFO ProcessInvokerWrapper]   Force kill process on cancellation: 'True'
[2026-04-17 17:06:52Z INFO ProcessInvokerWrapper]   Redirected STDIN: 'False'
[2026-04-17 17:06:52Z INFO ProcessInvokerWrapper]   Persist current code page: 'False'
[2026-04-17 17:06:52Z INFO ProcessInvokerWrapper]   Keep redirected STDIN open: 'False'
[2026-04-17 17:06:52Z INFO ProcessInvokerWrapper]   High priority process: 'True'
[2026-04-17 17:06:53Z INFO ProcessInvokerWrapper] Process started with process id 35020, waiting for process exit.
[2026-04-17 17:06:53Z INFO JobDispatcher] Send job request message to worker for job 45786fab-4e12-547a-9855-080d72f599b6.
[2026-04-17 17:06:53Z INFO ProcessChannel] Sending message of length 23157, with hash 'a4ce99f39a46a475560eb2abbc9195e1b4f1cc17d35941149036e9ac047bd35e'
[2026-04-17 17:06:55Z INFO JobNotification] Entering JobStarted Notification
[2026-04-17 17:06:55Z INFO JobNotification] Entering StartMonitor
[2026-04-17 17:07:53Z INFO JobDispatcher] Successfully renew job 45786fab-4e12-547a-9855-080d72f599b6, job is valid till 17/04/2026 17:17:54
[2026-04-17 17:08:53Z INFO JobDispatcher] Successfully renew job 45786fab-4e12-547a-9855-080d72f599b6, job is valid till 17/04/2026 17:18:54
[2026-04-17 17:09:53Z INFO JobDispatcher] Successfully renew job 45786fab-4e12-547a-9855-080d72f599b6, job is valid till 17/04/2026 17:19:55
[2026-04-17 17:10:53Z INFO JobDispatcher] Successfully renew job 45786fab-4e12-547a-9855-080d72f599b6, job is valid till 17/04/2026 17:20:55
[2026-04-17 17:11:54Z INFO JobDispatcher] Successfully renew job 45786fab-4e12-547a-9855-080d72f599b6, job is valid till 17/04/2026 17:21:55
[2026-04-17 17:12:54Z INFO JobDispatcher] Successfully renew job 45786fab-4e12-547a-9855-080d72f599b6, job is valid till 17/04/2026 17:22:55
[2026-04-17 17:13:43Z INFO ProcessInvokerWrapper] STDOUT/STDERR stream read finished.
[2026-04-17 17:13:43Z INFO ProcessInvokerWrapper] STDOUT/STDERR stream read finished.
[2026-04-17 17:13:43Z INFO ProcessInvokerWrapper] Finished process 35020 with exit code 100, and elapsed time 00:06:50.7489704.
[2026-04-17 17:13:43Z INFO JobDispatcher] Worker finished for job 45786fab-4e12-547a-9855-080d72f599b6. Code: 100
[2026-04-17 17:13:43Z INFO JobDispatcher] finish job request for job 45786fab-4e12-547a-9855-080d72f599b6 with result: Succeeded
[2026-04-17 17:13:43Z INFO Terminal] WRITE LINE: 2026-04-17 17:13:43Z: Job cypress-run completed with result: Succeeded
[2026-04-17 17:13:43Z INFO JobDispatcher] Stop renew job request for job 45786fab-4e12-547a-9855-080d72f599b6.
[2026-04-17 17:13:43Z INFO JobDispatcher] job renew has been cancelled, stop renew job 45786fab-4e12-547a-9855-080d72f599b6.
[2026-04-17 17:13:43Z INFO JobNotification] Entering JobCompleted Notification
[2026-04-17 17:13:43Z INFO JobNotification] Entering EndMonitor
[2026-04-17 17:13:43Z INFO BrokerMessageListener] Received job status event. JobState: Online
[2026-04-17 17:13:43Z WARN GitHubActionsService] GET request to https://broker.actions.githubusercontent.com/message?sessionId=089365e7-6129-494f-8735-50cb7f5794b4&status=Busy&runnerVersion=2.333.1&os=Windows&architecture=X64&disableUpdate=false has been cancelled.
[2026-04-17 17:13:43Z ERR  BrokerServer] Catch exception during request
[2026-04-17 17:13:43Z ERR  BrokerServer] System.Threading.Tasks.TaskCanceledException: The operation was canceled.
 ---> System.Threading.Tasks.TaskCanceledException: The operation was canceled.
 ---> System.IO.IOException: Unable to read data from the transport connection: A operação de E/S foi anulada devido a uma saída de thread ou a uma requisição de aplicativo..
 ---> System.Net.Sockets.SocketException (995): A operação de E/S foi anulada devido a uma saída de thread ou a uma requisição de aplicativo.
   --- End of inner exception stack trace ---
   at System.Net.Sockets.Socket.AwaitableSocketAsyncEventArgs.ThrowException(SocketError error, CancellationToken cancellationToken)
   at System.Net.Sockets.Socket.AwaitableSocketAsyncEventArgs.System.Threading.Tasks.Sources.IValueTaskSource<System.Int32>.GetResult(Int16 token)
   at System.Net.Security.SslStream.EnsureFullTlsFrameAsync[TIOAdapter](CancellationToken cancellationToken, Int32 estimatedSize)
   at System.Runtime.CompilerServices.PoolingAsyncValueTaskMethodBuilder`1.StateMachineBox`1.System.Threading.Tasks.Sources.IValueTaskSource<TResult>.GetResult(Int16 token)
   at System.Net.Security.SslStream.ReadAsyncInternal[TIOAdapter](Memory`1 buffer, CancellationToken cancellationToken)
   at System.Runtime.CompilerServices.PoolingAsyncValueTaskMethodBuilder`1.StateMachineBox`1.System.Threading.Tasks.Sources.IValueTaskSource<TResult>.GetResult(Int16 token)
   at System.Net.Http.HttpConnection.SendAsync(HttpRequestMessage request, Boolean async, CancellationToken cancellationToken)
   --- End of inner exception stack trace ---
   at System.Net.Http.HttpConnection.SendAsync(HttpRequestMessage request, Boolean async, CancellationToken cancellationToken)
   at System.Net.Http.AuthenticationHelper.SendWithNtAuthAsync(HttpRequestMessage request, Uri authUri, Boolean async, ICredentials credentials, Boolean isProxyAuth, HttpConnection connection, HttpConnectionPool connectionPool, CancellationToken cancellationToken)
   at System.Net.Http.HttpConnectionPool.SendWithVersionDetectionAndRetryAsync(HttpRequestMessage request, Boolean async, Boolean doRequestAuth, CancellationToken cancellationToken)
   at System.Net.Http.AuthenticationHelper.SendWithAuthAsync(HttpRequestMessage request, Uri authUri, Boolean async, ICredentials credentials, Boolean preAuthenticate, Boolean isProxyAuth, Boolean doRequestAuth, HttpConnectionPool pool, CancellationToken cancellationToken)
   at System.Net.Http.RedirectHandler.SendAsync(HttpRequestMessage request, Boolean async, CancellationToken cancellationToken)
   at GitHub.Services.Common.RawHttpMessageHandler.SendAsync(HttpRequestMessage request, CancellationToken cancellationToken)
   at GitHub.Services.Common.VssHttpRetryMessageHandler.SendAsync(HttpRequestMessage request, CancellationToken cancellationToken)
   at System.Net.Http.HttpClient.<SendAsync>g__Core|83_0(HttpRequestMessage request, HttpCompletionOption completionOption, CancellationTokenSource cts, Boolean disposeCts, CancellationTokenSource pendingRequestsCts, CancellationToken originalCancellationToken)
   --- End of inner exception stack trace ---
   at System.Net.Http.HttpClient.HandleFailure(Exception e, Boolean telemetryStarted, HttpResponseMessage response, CancellationTokenSource cts, CancellationToken cancellationToken, CancellationTokenSource pendingRequestsCts)
   at System.Net.Http.HttpClient.<SendAsync>g__Core|83_0(HttpRequestMessage request, HttpCompletionOption completionOption, CancellationTokenSource cts, Boolean disposeCts, CancellationTokenSource pendingRequestsCts, CancellationToken originalCancellationToken)
   at Sdk.WebApi.WebApi.RawHttpClientBase.SendAsync(HttpRequestMessage message, HttpCompletionOption completionOption, Object userState, CancellationToken cancellationToken)
   at Sdk.WebApi.WebApi.RawHttpClientBase.SendAsync[T](HttpRequestMessage message, Boolean readErrorBody, Object userState, CancellationToken cancellationToken)
   at Sdk.WebApi.WebApi.RawHttpClientBase.SendAsync[T](HttpMethod method, IEnumerable`1 additionalHeaders, Uri requestUri, HttpContent content, IEnumerable`1 queryParameters, Boolean readErrorBody, Object userState, CancellationToken cancellationToken)
   at GitHub.Actions.RunService.WebApi.BrokerHttpClient.GetRunnerMessageAsync(Nullable`1 sessionId, String runnerVersion, Nullable`1 status, String os, String architecture, Nullable`1 disableUpdate, CancellationToken cancellationToken)
   at GitHub.Runner.Common.BrokerServer.<>c__DisplayClass7_0.<<GetRunnerMessageAsync>b__0>d.MoveNext()
--- End of stack trace from previous location ---
   at GitHub.Runner.Common.RunnerService.RetryRequest[T](Func`1 func, CancellationToken cancellationToken, Int32 maxAttempts, Func`2 shouldRetry)
[2026-04-17 17:13:43Z ERR  BrokerServer] #####################################################
[2026-04-17 17:13:43Z ERR  BrokerServer] System.Threading.Tasks.TaskCanceledException: The operation was canceled.
 ---> System.IO.IOException: Unable to read data from the transport connection: A operação de E/S foi anulada devido a uma saída de thread ou a uma requisição de aplicativo..
 ---> System.Net.Sockets.SocketException (995): A operação de E/S foi anulada devido a uma saída de thread ou a uma requisição de aplicativo.
   --- End of inner exception stack trace ---
   at System.Net.Sockets.Socket.AwaitableSocketAsyncEventArgs.ThrowException(SocketError error, CancellationToken cancellationToken)
   at System.Net.Sockets.Socket.AwaitableSocketAsyncEventArgs.System.Threading.Tasks.Sources.IValueTaskSource<System.Int32>.GetResult(Int16 token)
   at System.Net.Security.SslStream.EnsureFullTlsFrameAsync[TIOAdapter](CancellationToken cancellationToken, Int32 estimatedSize)
   at System.Runtime.CompilerServices.PoolingAsyncValueTaskMethodBuilder`1.StateMachineBox`1.System.Threading.Tasks.Sources.IValueTaskSource<TResult>.GetResult(Int16 token)
   at System.Net.Security.SslStream.ReadAsyncInternal[TIOAdapter](Memory`1 buffer, CancellationToken cancellationToken)
   at System.Runtime.CompilerServices.PoolingAsyncValueTaskMethodBuilder`1.StateMachineBox`1.System.Threading.Tasks.Sources.IValueTaskSource<TResult>.GetResult(Int16 token)
   at System.Net.Http.HttpConnection.SendAsync(HttpRequestMessage request, Boolean async, CancellationToken cancellationToken)
   --- End of inner exception stack trace ---
   at System.Net.Http.HttpConnection.SendAsync(HttpRequestMessage request, Boolean async, CancellationToken cancellationToken)
   at System.Net.Http.AuthenticationHelper.SendWithNtAuthAsync(HttpRequestMessage request, Uri authUri, Boolean async, ICredentials credentials, Boolean isProxyAuth, HttpConnection connection, HttpConnectionPool connectionPool, CancellationToken cancellationToken)
   at System.Net.Http.HttpConnectionPool.SendWithVersionDetectionAndRetryAsync(HttpRequestMessage request, Boolean async, Boolean doRequestAuth, CancellationToken cancellationToken)
   at System.Net.Http.AuthenticationHelper.SendWithAuthAsync(HttpRequestMessage request, Uri authUri, Boolean async, ICredentials credentials, Boolean preAuthenticate, Boolean isProxyAuth, Boolean doRequestAuth, HttpConnectionPool pool, CancellationToken cancellationToken)
   at System.Net.Http.RedirectHandler.SendAsync(HttpRequestMessage request, Boolean async, CancellationToken cancellationToken)
   at GitHub.Services.Common.RawHttpMessageHandler.SendAsync(HttpRequestMessage request, CancellationToken cancellationToken)
   at GitHub.Services.Common.VssHttpRetryMessageHandler.SendAsync(HttpRequestMessage request, CancellationToken cancellationToken)
   at System.Net.Http.HttpClient.<SendAsync>g__Core|83_0(HttpRequestMessage request, HttpCompletionOption completionOption, CancellationTokenSource cts, Boolean disposeCts, CancellationTokenSource pendingRequestsCts, CancellationToken originalCancellationToken)
[2026-04-17 17:13:43Z ERR  BrokerServer] #####################################################
[2026-04-17 17:13:43Z ERR  BrokerServer] System.IO.IOException: Unable to read data from the transport connection: A operação de E/S foi anulada devido a uma saída de thread ou a uma requisição de aplicativo..
 ---> System.Net.Sockets.SocketException (995): A operação de E/S foi anulada devido a uma saída de thread ou a uma requisição de aplicativo.
   --- End of inner exception stack trace ---
   at System.Net.Sockets.Socket.AwaitableSocketAsyncEventArgs.ThrowException(SocketError error, CancellationToken cancellationToken)
   at System.Net.Sockets.Socket.AwaitableSocketAsyncEventArgs.System.Threading.Tasks.Sources.IValueTaskSource<System.Int32>.GetResult(Int16 token)
   at System.Net.Security.SslStream.EnsureFullTlsFrameAsync[TIOAdapter](CancellationToken cancellationToken, Int32 estimatedSize)
   at System.Runtime.CompilerServices.PoolingAsyncValueTaskMethodBuilder`1.StateMachineBox`1.System.Threading.Tasks.Sources.IValueTaskSource<TResult>.GetResult(Int16 token)
   at System.Net.Security.SslStream.ReadAsyncInternal[TIOAdapter](Memory`1 buffer, CancellationToken cancellationToken)
   at System.Runtime.CompilerServices.PoolingAsyncValueTaskMethodBuilder`1.StateMachineBox`1.System.Threading.Tasks.Sources.IValueTaskSource<TResult>.GetResult(Int16 token)
   at System.Net.Http.HttpConnection.SendAsync(HttpRequestMessage request, Boolean async, CancellationToken cancellationToken)
[2026-04-17 17:13:43Z ERR  BrokerServer] #####################################################
[2026-04-17 17:13:43Z ERR  BrokerServer] System.Net.Sockets.SocketException (995): A operação de E/S foi anulada devido a uma saída de thread ou a uma requisição de aplicativo.
[2026-04-17 17:13:43Z WARN BrokerServer] Back off 11,188 seconds before next retry. 4 attempt left.
[2026-04-17 17:13:43Z INFO BrokerMessageListener] Get messages has been cancelled using local token source. Continue to get messages with new status.
[2026-04-17 17:15:24Z INFO RSAEncryptedFileKeyManager] Loading RSA key parameters from file C:\Testes_Automação\teste_e2eViacaoCometa\actions-runner\.credentials_rsaparams
[2026-04-17 17:15:26Z INFO GitHubActionsService] AAD Correlation ID for this token request: Unknown
[2026-04-17 17:32:55Z INFO Terminal] WRITE LINE: Exiting...
[2026-04-17 17:32:55Z INFO ConfigurationStore] IsServiceConfigured()
[2026-04-17 17:32:55Z INFO ConfigurationStore] IsServiceConfigured: False
[2026-04-17 17:32:55Z INFO HostContext] Runner will be shutdown for UserCancelled
[2026-04-17 17:32:55Z WARN GitHubActionsService] GET request to https://broker.actions.githubusercontent.com/message?sessionId=089365e7-6129-494f-8735-50cb7f5794b4&status=Online&runnerVersion=2.333.1&os=Windows&architecture=X64&disableUpdate=false has been cancelled.
[2026-04-17 17:32:55Z ERR  BrokerServer] Catch exception during request
[2026-04-17 17:32:55Z ERR  BrokerServer] System.Threading.Tasks.TaskCanceledException: The operation was canceled.
 ---> System.Threading.Tasks.TaskCanceledException: The operation was canceled.
 ---> System.IO.IOException: Unable to read data from the transport connection: A operação de E/S foi anulada devido a uma saída de thread ou a uma requisição de aplicativo..
 ---> System.Net.Sockets.SocketException (995): A operação de E/S foi anulada devido a uma saída de thread ou a uma requisição de aplicativo.
   --- End of inner exception stack trace ---
   at System.Net.Sockets.Socket.AwaitableSocketAsyncEventArgs.ThrowException(SocketError error, CancellationToken cancellationToken)
   at System.Net.Sockets.Socket.AwaitableSocketAsyncEventArgs.System.Threading.Tasks.Sources.IValueTaskSource<System.Int32>.GetResult(Int16 token)
   at System.Net.Security.SslStream.EnsureFullTlsFrameAsync[TIOAdapter](CancellationToken cancellationToken, Int32 estimatedSize)
   at System.Runtime.CompilerServices.PoolingAsyncValueTaskMethodBuilder`1.StateMachineBox`1.System.Threading.Tasks.Sources.IValueTaskSource<TResult>.GetResult(Int16 token)
   at System.Net.Security.SslStream.ReadAsyncInternal[TIOAdapter](Memory`1 buffer, CancellationToken cancellationToken)
   at System.Runtime.CompilerServices.PoolingAsyncValueTaskMethodBuilder`1.StateMachineBox`1.System.Threading.Tasks.Sources.IValueTaskSource<TResult>.GetResult(Int16 token)
   at System.Net.Http.HttpConnection.SendAsync(HttpRequestMessage request, Boolean async, CancellationToken cancellationToken)
   --- End of inner exception stack trace ---
   at System.Net.Http.HttpConnection.SendAsync(HttpRequestMessage request, Boolean async, CancellationToken cancellationToken)
   at System.Net.Http.AuthenticationHelper.SendWithNtAuthAsync(HttpRequestMessage request, Uri authUri, Boolean async, ICredentials credentials, Boolean isProxyAuth, HttpConnection connection, HttpConnectionPool connectionPool, CancellationToken cancellationToken)
   at System.Net.Http.HttpConnectionPool.SendWithVersionDetectionAndRetryAsync(HttpRequestMessage request, Boolean async, Boolean doRequestAuth, CancellationToken cancellationToken)
   at System.Net.Http.AuthenticationHelper.SendWithAuthAsync(HttpRequestMessage request, Uri authUri, Boolean async, ICredentials credentials, Boolean preAuthenticate, Boolean isProxyAuth, Boolean doRequestAuth, HttpConnectionPool pool, CancellationToken cancellationToken)
   at System.Net.Http.RedirectHandler.SendAsync(HttpRequestMessage request, Boolean async, CancellationToken cancellationToken)
   at GitHub.Services.Common.RawHttpMessageHandler.SendAsync(HttpRequestMessage request, CancellationToken cancellationToken)
   at GitHub.Services.Common.VssHttpRetryMessageHandler.SendAsync(HttpRequestMessage request, CancellationToken cancellationToken)
   at System.Net.Http.HttpClient.<SendAsync>g__Core|83_0(HttpRequestMessage request, HttpCompletionOption completionOption, CancellationTokenSource cts, Boolean disposeCts, CancellationTokenSource pendingRequestsCts, CancellationToken originalCancellationToken)
   --- End of inner exception stack trace ---
   at System.Net.Http.HttpClient.HandleFailure(Exception e, Boolean telemetryStarted, HttpResponseMessage response, CancellationTokenSource cts, CancellationToken cancellationToken, CancellationTokenSource pendingRequestsCts)
   at System.Net.Http.HttpClient.<SendAsync>g__Core|83_0(HttpRequestMessage request, HttpCompletionOption completionOption, CancellationTokenSource cts, Boolean disposeCts, CancellationTokenSource pendingRequestsCts, CancellationToken originalCancellationToken)
   at Sdk.WebApi.WebApi.RawHttpClientBase.SendAsync(HttpRequestMessage message, HttpCompletionOption completionOption, Object userState, CancellationToken cancellationToken)
   at Sdk.WebApi.WebApi.RawHttpClientBase.SendAsync[T](HttpRequestMessage message, Boolean readErrorBody, Object userState, CancellationToken cancellationToken)
   at Sdk.WebApi.WebApi.RawHttpClientBase.SendAsync[T](HttpMethod method, IEnumerable`1 additionalHeaders, Uri requestUri, HttpContent content, IEnumerable`1 queryParameters, Boolean readErrorBody, Object userState, CancellationToken cancellationToken)
   at GitHub.Actions.RunService.WebApi.BrokerHttpClient.GetRunnerMessageAsync(Nullable`1 sessionId, String runnerVersion, Nullable`1 status, String os, String architecture, Nullable`1 disableUpdate, CancellationToken cancellationToken)
   at GitHub.Runner.Common.BrokerServer.<>c__DisplayClass7_0.<<GetRunnerMessageAsync>b__0>d.MoveNext()
--- End of stack trace from previous location ---
   at GitHub.Runner.Common.RunnerService.RetryRequest[T](Func`1 func, CancellationToken cancellationToken, Int32 maxAttempts, Func`2 shouldRetry)
[2026-04-17 17:32:55Z ERR  BrokerServer] #####################################################
[2026-04-17 17:32:55Z ERR  BrokerServer] System.Threading.Tasks.TaskCanceledException: The operation was canceled.
 ---> System.IO.IOException: Unable to read data from the transport connection: A operação de E/S foi anulada devido a uma saída de thread ou a uma requisição de aplicativo..
 ---> System.Net.Sockets.SocketException (995): A operação de E/S foi anulada devido a uma saída de thread ou a uma requisição de aplicativo.
   --- End of inner exception stack trace ---
   at System.Net.Sockets.Socket.AwaitableSocketAsyncEventArgs.ThrowException(SocketError error, CancellationToken cancellationToken)
   at System.Net.Sockets.Socket.AwaitableSocketAsyncEventArgs.System.Threading.Tasks.Sources.IValueTaskSource<System.Int32>.GetResult(Int16 token)
   at System.Net.Security.SslStream.EnsureFullTlsFrameAsync[TIOAdapter](CancellationToken cancellationToken, Int32 estimatedSize)
   at System.Runtime.CompilerServices.PoolingAsyncValueTaskMethodBuilder`1.StateMachineBox`1.System.Threading.Tasks.Sources.IValueTaskSource<TResult>.GetResult(Int16 token)
   at System.Net.Security.SslStream.ReadAsyncInternal[TIOAdapter](Memory`1 buffer, CancellationToken cancellationToken)
   at System.Runtime.CompilerServices.PoolingAsyncValueTaskMethodBuilder`1.StateMachineBox`1.System.Threading.Tasks.Sources.IValueTaskSource<TResult>.GetResult(Int16 token)
   at System.Net.Http.HttpConnection.SendAsync(HttpRequestMessage request, Boolean async, CancellationToken cancellationToken)
   --- End of inner exception stack trace ---
   at System.Net.Http.HttpConnection.SendAsync(HttpRequestMessage request, Boolean async, CancellationToken cancellationToken)
   at System.Net.Http.AuthenticationHelper.SendWithNtAuthAsync(HttpRequestMessage request, Uri authUri, Boolean async, ICredentials credentials, Boolean isProxyAuth, HttpConnection connection, HttpConnectionPool connectionPool, CancellationToken cancellationToken)
   at System.Net.Http.HttpConnectionPool.SendWithVersionDetectionAndRetryAsync(HttpRequestMessage request, Boolean async, Boolean doRequestAuth, CancellationToken cancellationToken)
   at System.Net.Http.AuthenticationHelper.SendWithAuthAsync(HttpRequestMessage request, Uri authUri, Boolean async, ICredentials credentials, Boolean preAuthenticate, Boolean isProxyAuth, Boolean doRequestAuth, HttpConnectionPool pool, CancellationToken cancellationToken)
   at System.Net.Http.RedirectHandler.SendAsync(HttpRequestMessage request, Boolean async, CancellationToken cancellationToken)
   at GitHub.Services.Common.RawHttpMessageHandler.SendAsync(HttpRequestMessage request, CancellationToken cancellationToken)
   at GitHub.Services.Common.VssHttpRetryMessageHandler.SendAsync(HttpRequestMessage request, CancellationToken cancellationToken)
   at System.Net.Http.HttpClient.<SendAsync>g__Core|83_0(HttpRequestMessage request, HttpCompletionOption completionOption, CancellationTokenSource cts, Boolean disposeCts, CancellationTokenSource pendingRequestsCts, CancellationToken originalCancellationToken)
[2026-04-17 17:32:55Z ERR  BrokerServer] #####################################################
[2026-04-17 17:32:55Z ERR  BrokerServer] System.IO.IOException: Unable to read data from the transport connection: A operação de E/S foi anulada devido a uma saída de thread ou a uma requisição de aplicativo..
 ---> System.Net.Sockets.SocketException (995): A operação de E/S foi anulada devido a uma saída de thread ou a uma requisição de aplicativo.
   --- End of inner exception stack trace ---
   at System.Net.Sockets.Socket.AwaitableSocketAsyncEventArgs.ThrowException(SocketError error, CancellationToken cancellationToken)
   at System.Net.Sockets.Socket.AwaitableSocketAsyncEventArgs.System.Threading.Tasks.Sources.IValueTaskSource<System.Int32>.GetResult(Int16 token)
   at System.Net.Security.SslStream.EnsureFullTlsFrameAsync[TIOAdapter](CancellationToken cancellationToken, Int32 estimatedSize)
   at System.Runtime.CompilerServices.PoolingAsyncValueTaskMethodBuilder`1.StateMachineBox`1.System.Threading.Tasks.Sources.IValueTaskSource<TResult>.GetResult(Int16 token)
   at System.Net.Security.SslStream.ReadAsyncInternal[TIOAdapter](Memory`1 buffer, CancellationToken cancellationToken)
   at System.Runtime.CompilerServices.PoolingAsyncValueTaskMethodBuilder`1.StateMachineBox`1.System.Threading.Tasks.Sources.IValueTaskSource<TResult>.GetResult(Int16 token)
   at System.Net.Http.HttpConnection.SendAsync(HttpRequestMessage request, Boolean async, CancellationToken cancellationToken)
[2026-04-17 17:32:55Z ERR  BrokerServer] #####################################################
[2026-04-17 17:32:55Z ERR  BrokerServer] System.Net.Sockets.SocketException (995): A operação de E/S foi anulada devido a uma saída de thread ou a uma requisição de aplicativo.
[2026-04-17 17:32:55Z WARN BrokerServer] Back off 5,89 seconds before next retry. 4 attempt left.
[2026-04-17 17:32:55Z INFO BrokerMessageListener] Get next message has been cancelled.
[2026-04-17 17:32:55Z INFO JobDispatcher] Shutting down JobDispatcher. Make sure all WorkerDispatcher has finished.
[2026-04-17 17:32:55Z INFO JobDispatcher] Ensure WorkerDispatcher for job 45786fab-4e12-547a-9855-080d72f599b6 run to finish, cancel any running job.
[2026-04-17 17:32:55Z INFO JobDispatcher] Job request 45786fab-4e12-547a-9855-080d72f599b6 processed succeed.
[2026-04-17 17:32:55Z INFO Runner] Deleting Runner Session...
[2026-04-17 17:32:55Z INFO Listener] Runner execution been cancelled.
